{"/Users/Phuong/Documents/CA_bootcamp/Fullstack_application/MERN-Project/Backend/src/server.js": {"path":"/Users/Phuong/Documents/CA_bootcamp/Fullstack_application/MERN-Project/Backend/src/server.js","statementMap":{"0":{"start":{"line":1,"column":16},"end":{"line":1,"column":34}},"1":{"start":{"line":2,"column":12},"end":{"line":2,"column":21}},"2":{"start":{"line":3,"column":13},"end":{"line":3,"column":28}},"3":{"start":{"line":4,"column":15},"end":{"line":4,"column":37}},"4":{"start":{"line":5,"column":19},"end":{"line":5,"column":39}},"5":{"start":{"line":6,"column":15},"end":{"line":6,"column":32}},"6":{"start":{"line":7,"column":13},"end":{"line":7,"column":28}},"7":{"start":{"line":8,"column":30},"end":{"line":8,"column":49}},"8":{"start":{"line":9,"column":23},"end":{"line":9,"column":62}},"9":{"start":{"line":10,"column":26},"end":{"line":10,"column":68}},"10":{"start":{"line":11,"column":29},"end":{"line":11,"column":74}},"11":{"start":{"line":12,"column":27},"end":{"line":12,"column":70}},"12":{"start":{"line":13,"column":15},"end":{"line":13,"column":32}},"13":{"start":{"line":14,"column":13},"end":{"line":14,"column":28}},"14":{"start":{"line":15,"column":21},"end":{"line":15,"column":45}},"15":{"start":{"line":16,"column":15},"end":{"line":16,"column":32}},"16":{"start":{"line":17,"column":0},"end":{"line":17,"column":16}},"17":{"start":{"line":21,"column":0},"end":{"line":21,"column":56}},"18":{"start":{"line":25,"column":0},"end":{"line":31,"column":2}},"19":{"start":{"line":33,"column":0},"end":{"line":33,"column":24}},"20":{"start":{"line":36,"column":17},"end":{"line":41,"column":29}},"21":{"start":{"line":42,"column":0},"end":{"line":42,"column":26}},"22":{"start":{"line":46,"column":0},"end":{"line":46,"column":24}},"23":{"start":{"line":47,"column":0},"end":{"line":47,"column":46}},"24":{"start":{"line":51,"column":16},"end":{"line":62,"column":2}},"25":{"start":{"line":53,"column":4},"end":{"line":57,"column":5}},"26":{"start":{"line":54,"column":4},"end":{"line":54,"column":38}},"27":{"start":{"line":56,"column":6},"end":{"line":56,"column":23}},"28":{"start":{"line":60,"column":4},"end":{"line":60,"column":46}},"29":{"start":{"line":68,"column":0},"end":{"line":70,"column":3}},"30":{"start":{"line":69,"column":2},"end":{"line":69,"column":41}},"31":{"start":{"line":74,"column":0},"end":{"line":74,"column":42}},"32":{"start":{"line":78,"column":0},"end":{"line":90,"column":2}},"33":{"start":{"line":79,"column":22},"end":{"line":79,"column":52}},"34":{"start":{"line":80,"column":21},"end":{"line":80,"column":45}},"35":{"start":{"line":81,"column":23},"end":{"line":81,"column":55}},"36":{"start":{"line":82,"column":21},"end":{"line":82,"column":45}},"37":{"start":{"line":84,"column":2},"end":{"line":89,"column":2}},"38":{"start":{"line":92,"column":0},"end":{"line":92,"column":38}},"39":{"start":{"line":93,"column":0},"end":{"line":93,"column":44}},"40":{"start":{"line":94,"column":0},"end":{"line":94,"column":49}},"41":{"start":{"line":95,"column":0},"end":{"line":95,"column":42}},"42":{"start":{"line":99,"column":0},"end":{"line":103,"column":3}},"43":{"start":{"line":100,"column":2},"end":{"line":102,"column":4}},"44":{"start":{"line":107,"column":0},"end":{"line":110,"column":3}},"45":{"start":{"line":108,"column":2},"end":{"line":109,"column":4}},"46":{"start":{"line":113,"column":0},"end":{"line":115,"column":3}},"47":{"start":{"line":114,"column":2},"end":{"line":114,"column":66}},"48":{"start":{"line":119,"column":0},"end":{"line":121,"column":1}}},"fnMap":{"0":{"name":"(anonymous_0)","decl":{"start":{"line":52,"column":15},"end":{"line":52,"column":16}},"loc":{"start":{"line":52,"column":43},"end":{"line":58,"column":3}},"line":52},"1":{"name":"(anonymous_1)","decl":{"start":{"line":59,"column":12},"end":{"line":59,"column":13}},"loc":{"start":{"line":59,"column":35},"end":{"line":61,"column":5}},"line":59},"2":{"name":"(anonymous_2)","decl":{"start":{"line":68,"column":20},"end":{"line":68,"column":21}},"loc":{"start":{"line":68,"column":26},"end":{"line":70,"column":1}},"line":68},"3":{"name":"(anonymous_3)","decl":{"start":{"line":78,"column":31},"end":{"line":78,"column":32}},"loc":{"start":{"line":78,"column":54},"end":{"line":90,"column":1}},"line":78},"4":{"name":"(anonymous_4)","decl":{"start":{"line":99,"column":8},"end":{"line":99,"column":9}},"loc":{"start":{"line":99,"column":44},"end":{"line":103,"column":1}},"line":99},"5":{"name":"(anonymous_5)","decl":{"start":{"line":107,"column":22},"end":{"line":107,"column":23}},"loc":{"start":{"line":107,"column":43},"end":{"line":110,"column":1}},"line":107},"6":{"name":"(anonymous_6)","decl":{"start":{"line":113,"column":17},"end":{"line":113,"column":18}},"loc":{"start":{"line":113,"column":39},"end":{"line":115,"column":1}},"line":113}},"branchMap":{},"s":{"0":1,"1":1,"2":1,"3":1,"4":1,"5":1,"6":1,"7":1,"8":1,"9":1,"10":1,"11":1,"12":1,"13":1,"14":1,"15":1,"16":1,"17":1,"18":1,"19":1,"20":1,"21":1,"22":1,"23":1,"24":1,"25":0,"26":0,"27":0,"28":0,"29":1,"30":1,"31":1,"32":1,"33":0,"34":0,"35":0,"36":0,"37":0,"38":1,"39":1,"40":1,"41":1,"42":1,"43":2,"44":1,"45":0,"46":1,"47":0,"48":1},"f":{"0":0,"1":0,"2":1,"3":0,"4":2,"5":0,"6":0},"b":{},"_coverageSchema":"1a1c01bbd47fc00a2c39e90264f33305004495a9","hash":"39811f404fcdd59e5612164cb5d4072854bea438"}
,"/Users/Phuong/Documents/CA_bootcamp/Fullstack_application/MERN-Project/Backend/src/controllers/ConnectionController.js": {"path":"/Users/Phuong/Documents/CA_bootcamp/Fullstack_application/MERN-Project/Backend/src/controllers/ConnectionController.js","statementMap":{"0":{"start":{"line":1,"column":16},"end":{"line":1,"column":34}},"1":{"start":{"line":2,"column":28},"end":{"line":2,"column":70}},"2":{"start":{"line":3,"column":22},"end":{"line":3,"column":65}},"3":{"start":{"line":4,"column":30},"end":{"line":4,"column":75}},"4":{"start":{"line":6,"column":15},"end":{"line":6,"column":31}},"5":{"start":{"line":8,"column":0},"end":{"line":26,"column":3}},"6":{"start":{"line":9,"column":24},"end":{"line":9,"column":49}},"7":{"start":{"line":11,"column":26},"end":{"line":11,"column":43}},"8":{"start":{"line":12,"column":2},"end":{"line":24,"column":3}},"9":{"start":{"line":13,"column":24},"end":{"line":18,"column":6}},"10":{"start":{"line":19,"column":4},"end":{"line":19,"column":31}},"11":{"start":{"line":20,"column":4},"end":{"line":20,"column":33}},"12":{"start":{"line":21,"column":4},"end":{"line":21,"column":11}},"13":{"start":{"line":23,"column":4},"end":{"line":23,"column":34}},"14":{"start":{"line":28,"column":0},"end":{"line":54,"column":2}},"15":{"start":{"line":29,"column":24},"end":{"line":29,"column":49}},"16":{"start":{"line":30,"column":2},"end":{"line":53,"column":3}},"17":{"start":{"line":31,"column":26},"end":{"line":31,"column":92}},"18":{"start":{"line":32,"column":3},"end":{"line":49,"column":4}},"19":{"start":{"line":34,"column":6},"end":{"line":34,"column":132}},"20":{"start":{"line":36,"column":4},"end":{"line":44,"column":5}},"21":{"start":{"line":37,"column":6},"end":{"line":37,"column":97}},"22":{"start":{"line":39,"column":6},"end":{"line":39,"column":56}},"23":{"start":{"line":40,"column":8},"end":{"line":43,"column":11}},"24":{"start":{"line":46,"column":4},"end":{"line":46,"column":10}},"25":{"start":{"line":48,"column":4},"end":{"line":48,"column":51}},"26":{"start":{"line":52,"column":4},"end":{"line":52,"column":58}},"27":{"start":{"line":57,"column":0},"end":{"line":57,"column":46}},"28":{"start":{"line":66,"column":0},"end":{"line":66,"column":24}}},"fnMap":{"0":{"name":"(anonymous_0)","decl":{"start":{"line":8,"column":28},"end":{"line":8,"column":29}},"loc":{"start":{"line":8,"column":62},"end":{"line":26,"column":1}},"line":8},"1":{"name":"(anonymous_1)","decl":{"start":{"line":28,"column":43},"end":{"line":28,"column":44}},"loc":{"start":{"line":28,"column":77},"end":{"line":54,"column":1}},"line":28}},"branchMap":{"0":{"loc":{"start":{"line":32,"column":3},"end":{"line":49,"column":4}},"type":"if","locations":[{"start":{"line":32,"column":3},"end":{"line":49,"column":4}},{"start":{"line":47,"column":9},"end":{"line":49,"column":4}}],"line":32},"1":{"loc":{"start":{"line":34,"column":6},"end":{"line":34,"column":132}},"type":"binary-expr","locations":[{"start":{"line":34,"column":7},"end":{"line":34,"column":65}},{"start":{"line":34,"column":71},"end":{"line":34,"column":131}}],"line":34},"2":{"loc":{"start":{"line":36,"column":4},"end":{"line":44,"column":5}},"type":"if","locations":[{"start":{"line":36,"column":4},"end":{"line":44,"column":5}},{"start":{"line":38,"column":11},"end":{"line":44,"column":5}}],"line":36}},"s":{"0":1,"1":1,"2":1,"3":1,"4":1,"5":1,"6":0,"7":0,"8":0,"9":0,"10":0,"11":0,"12":0,"13":0,"14":1,"15":0,"16":0,"17":0,"18":0,"19":0,"20":0,"21":0,"22":0,"23":0,"24":0,"25":0,"26":0,"27":1,"28":1},"f":{"0":0,"1":0},"b":{"0":[0,0],"1":[0,0],"2":[0,0]},"_coverageSchema":"1a1c01bbd47fc00a2c39e90264f33305004495a9","hash":"996d6a20f773b0e853992546022787253c8b0dfe"}
,"/Users/Phuong/Documents/CA_bootcamp/Fullstack_application/MERN-Project/Backend/src/controllers/ProfileController.js": {"path":"/Users/Phuong/Documents/CA_bootcamp/Fullstack_application/MERN-Project/Backend/src/controllers/ProfileController.js","statementMap":{"0":{"start":{"line":1,"column":16},"end":{"line":1,"column":34}},"1":{"start":{"line":2,"column":15},"end":{"line":2,"column":32}},"2":{"start":{"line":3,"column":15},"end":{"line":3,"column":31}},"3":{"start":{"line":4,"column":25},"end":{"line":4,"column":64}},"4":{"start":{"line":5,"column":22},"end":{"line":5,"column":65}},"5":{"start":{"line":6,"column":22},"end":{"line":6,"column":58}},"6":{"start":{"line":11,"column":0},"end":{"line":26,"column":3}},"7":{"start":{"line":12,"column":17},"end":{"line":12,"column":71}},"8":{"start":{"line":13,"column":2},"end":{"line":24,"column":3}},"9":{"start":{"line":14,"column":15},"end":{"line":14,"column":54}},"10":{"start":{"line":15,"column":18},"end":{"line":15,"column":71}},"11":{"start":{"line":16,"column":6},"end":{"line":21,"column":9}},"12":{"start":{"line":23,"column":4},"end":{"line":23,"column":33}},"13":{"start":{"line":29,"column":16},"end":{"line":41,"column":2}},"14":{"start":{"line":31,"column":4},"end":{"line":35,"column":5}},"15":{"start":{"line":32,"column":4},"end":{"line":32,"column":37}},"16":{"start":{"line":34,"column":6},"end":{"line":34,"column":23}},"17":{"start":{"line":38,"column":4},"end":{"line":38,"column":22}},"18":{"start":{"line":39,"column":4},"end":{"line":39,"column":79}},"19":{"start":{"line":45,"column":20},"end":{"line":45,"column":46}},"20":{"start":{"line":47,"column":0},"end":{"line":67,"column":3}},"21":{"start":{"line":48,"column":22},"end":{"line":48,"column":44}},"22":{"start":{"line":50,"column":2},"end":{"line":66,"column":3}},"23":{"start":{"line":51,"column":23},"end":{"line":51,"column":62}},"24":{"start":{"line":53,"column":26},"end":{"line":58,"column":13}},"25":{"start":{"line":60,"column":4},"end":{"line":60,"column":31}},"26":{"start":{"line":62,"column":4},"end":{"line":62,"column":33}},"27":{"start":{"line":65,"column":4},"end":{"line":65,"column":34}},"28":{"start":{"line":69,"column":0},"end":{"line":69,"column":24}}},"fnMap":{"0":{"name":"(anonymous_0)","decl":{"start":{"line":11,"column":41},"end":{"line":11,"column":42}},"loc":{"start":{"line":11,"column":75},"end":{"line":26,"column":1}},"line":11},"1":{"name":"(anonymous_1)","decl":{"start":{"line":30,"column":15},"end":{"line":30,"column":16}},"loc":{"start":{"line":30,"column":43},"end":{"line":36,"column":3}},"line":30},"2":{"name":"(anonymous_2)","decl":{"start":{"line":37,"column":12},"end":{"line":37,"column":13}},"loc":{"start":{"line":37,"column":35},"end":{"line":40,"column":3}},"line":37},"3":{"name":"(anonymous_3)","decl":{"start":{"line":47,"column":62},"end":{"line":47,"column":63}},"loc":{"start":{"line":47,"column":97},"end":{"line":67,"column":1}},"line":47}},"branchMap":{"0":{"loc":{"start":{"line":12,"column":17},"end":{"line":12,"column":71}},"type":"binary-expr","locations":[{"start":{"line":12,"column":17},"end":{"line":12,"column":40}},{"start":{"line":12,"column":44},"end":{"line":12,"column":71}}],"line":12}},"s":{"0":1,"1":1,"2":1,"3":1,"4":1,"5":1,"6":1,"7":0,"8":0,"9":0,"10":0,"11":0,"12":0,"13":1,"14":0,"15":0,"16":0,"17":0,"18":0,"19":1,"20":1,"21":0,"22":0,"23":0,"24":0,"25":0,"26":0,"27":0,"28":1},"f":{"0":0,"1":0,"2":0,"3":0},"b":{"0":[0,0]},"_coverageSchema":"1a1c01bbd47fc00a2c39e90264f33305004495a9","hash":"e2f7745f488fb8ca0eeb845498a7178ae9e40241"}
,"/Users/Phuong/Documents/CA_bootcamp/Fullstack_application/MERN-Project/Backend/src/controllers/RoomChatController.js": {"path":"/Users/Phuong/Documents/CA_bootcamp/Fullstack_application/MERN-Project/Backend/src/controllers/RoomChatController.js","statementMap":{"0":{"start":{"line":1,"column":13},"end":{"line":1,"column":28}},"1":{"start":{"line":2,"column":16},"end":{"line":2,"column":34}},"2":{"start":{"line":3,"column":17},"end":{"line":3,"column":36}},"3":{"start":{"line":4,"column":26},"end":{"line":4,"column":66}},"4":{"start":{"line":5,"column":22},"end":{"line":5,"column":58}},"5":{"start":{"line":6,"column":23},"end":{"line":6,"column":66}},"6":{"start":{"line":7,"column":25},"end":{"line":7,"column":69}},"7":{"start":{"line":8,"column":25},"end":{"line":8,"column":64}},"8":{"start":{"line":10,"column":15},"end":{"line":10,"column":31}},"9":{"start":{"line":13,"column":0},"end":{"line":72,"column":3}},"10":{"start":{"line":17,"column":15},"end":{"line":17,"column":40}},"11":{"start":{"line":20,"column":2},"end":{"line":22,"column":3}},"12":{"start":{"line":21,"column":4},"end":{"line":21,"column":39}},"13":{"start":{"line":25,"column":15},"end":{"line":25,"column":54}},"14":{"start":{"line":27,"column":20},"end":{"line":27,"column":37}},"15":{"start":{"line":29,"column":2},"end":{"line":71,"column":3}},"16":{"start":{"line":31,"column":31},"end":{"line":31,"column":56}},"17":{"start":{"line":32,"column":23},"end":{"line":32,"column":32}},"18":{"start":{"line":35,"column":4},"end":{"line":49,"column":5}},"19":{"start":{"line":35,"column":16},"end":{"line":35,"column":17}},"20":{"start":{"line":38,"column":27},"end":{"line":38,"column":83}},"21":{"start":{"line":39,"column":6},"end":{"line":48,"column":7}},"22":{"start":{"line":40,"column":9},"end":{"line":40,"column":51}},"23":{"start":{"line":43,"column":8},"end":{"line":45,"column":9}},"24":{"start":{"line":44,"column":10},"end":{"line":44,"column":18}},"25":{"start":{"line":47,"column":8},"end":{"line":47,"column":50}},"26":{"start":{"line":52,"column":19},"end":{"line":52,"column":75}},"27":{"start":{"line":53,"column":4},"end":{"line":65,"column":5}},"28":{"start":{"line":54,"column":6},"end":{"line":54,"column":29}},"29":{"start":{"line":55,"column":6},"end":{"line":55,"column":12}},"30":{"start":{"line":57,"column":20},"end":{"line":61,"column":6}},"31":{"start":{"line":62,"column":4},"end":{"line":62,"column":25}},"32":{"start":{"line":63,"column":4},"end":{"line":63,"column":27}},"33":{"start":{"line":64,"column":4},"end":{"line":64,"column":11}},"34":{"start":{"line":70,"column":4},"end":{"line":70,"column":34}},"35":{"start":{"line":75,"column":0},"end":{"line":83,"column":3}},"36":{"start":{"line":79,"column":4},"end":{"line":82,"column":7}},"37":{"start":{"line":93,"column":0},"end":{"line":100,"column":3}},"38":{"start":{"line":97,"column":16},"end":{"line":97,"column":42}},"39":{"start":{"line":98,"column":19},"end":{"line":98,"column":44}},"40":{"start":{"line":99,"column":4},"end":{"line":99,"column":80}},"41":{"start":{"line":108,"column":0},"end":{"line":111,"column":3}},"42":{"start":{"line":110,"column":4},"end":{"line":110,"column":74}},"43":{"start":{"line":116,"column":0},"end":{"line":130,"column":3}},"44":{"start":{"line":120,"column":2},"end":{"line":129,"column":5}},"45":{"start":{"line":121,"column":21},"end":{"line":121,"column":38}},"46":{"start":{"line":122,"column":21},"end":{"line":122,"column":131}},"47":{"start":{"line":123,"column":4},"end":{"line":123,"column":28}},"48":{"start":{"line":124,"column":4},"end":{"line":124,"column":30}},"49":{"start":{"line":125,"column":4},"end":{"line":125,"column":11}},"50":{"start":{"line":128,"column":6},"end":{"line":128,"column":48}},"51":{"start":{"line":133,"column":0},"end":{"line":150,"column":3}},"52":{"start":{"line":137,"column":4},"end":{"line":149,"column":3}},"53":{"start":{"line":138,"column":23},"end":{"line":138,"column":94}},"54":{"start":{"line":139,"column":6},"end":{"line":146,"column":7}},"55":{"start":{"line":140,"column":6},"end":{"line":143,"column":9}},"56":{"start":{"line":145,"column":8},"end":{"line":145,"column":49}},"57":{"start":{"line":148,"column":4},"end":{"line":148,"column":52}},"58":{"start":{"line":153,"column":0},"end":{"line":153,"column":41}},"59":{"start":{"line":168,"column":0},"end":{"line":168,"column":24}}},"fnMap":{"0":{"name":"(anonymous_0)","decl":{"start":{"line":15,"column":2},"end":{"line":15,"column":3}},"loc":{"start":{"line":15,"column":37},"end":{"line":72,"column":1}},"line":15},"1":{"name":"(anonymous_1)","decl":{"start":{"line":78,"column":2},"end":{"line":78,"column":3}},"loc":{"start":{"line":78,"column":37},"end":{"line":83,"column":1}},"line":78},"2":{"name":"(anonymous_2)","decl":{"start":{"line":96,"column":2},"end":{"line":96,"column":3}},"loc":{"start":{"line":96,"column":38},"end":{"line":100,"column":1}},"line":96},"3":{"name":"(anonymous_3)","decl":{"start":{"line":109,"column":2},"end":{"line":109,"column":3}},"loc":{"start":{"line":109,"column":38},"end":{"line":111,"column":1}},"line":109},"4":{"name":"(anonymous_4)","decl":{"start":{"line":119,"column":2},"end":{"line":119,"column":3}},"loc":{"start":{"line":119,"column":37},"end":{"line":130,"column":1}},"line":119},"5":{"name":"(anonymous_5)","decl":{"start":{"line":136,"column":2},"end":{"line":136,"column":3}},"loc":{"start":{"line":136,"column":37},"end":{"line":150,"column":1}},"line":136}},"branchMap":{"0":{"loc":{"start":{"line":20,"column":2},"end":{"line":22,"column":3}},"type":"if","locations":[{"start":{"line":20,"column":2},"end":{"line":22,"column":3}},{"start":{},"end":{}}],"line":20},"1":{"loc":{"start":{"line":39,"column":6},"end":{"line":48,"column":7}},"type":"if","locations":[{"start":{"line":39,"column":6},"end":{"line":48,"column":7}},{"start":{"line":41,"column":12},"end":{"line":48,"column":7}}],"line":39},"2":{"loc":{"start":{"line":43,"column":8},"end":{"line":45,"column":9}},"type":"if","locations":[{"start":{"line":43,"column":8},"end":{"line":45,"column":9}},{"start":{},"end":{}}],"line":43},"3":{"loc":{"start":{"line":53,"column":4},"end":{"line":65,"column":5}},"type":"if","locations":[{"start":{"line":53,"column":4},"end":{"line":65,"column":5}},{"start":{"line":56,"column":11},"end":{"line":65,"column":5}}],"line":53},"4":{"loc":{"start":{"line":139,"column":6},"end":{"line":146,"column":7}},"type":"if","locations":[{"start":{"line":139,"column":6},"end":{"line":146,"column":7}},{"start":{"line":144,"column":13},"end":{"line":146,"column":7}}],"line":139}},"s":{"0":1,"1":1,"2":1,"3":1,"4":1,"5":1,"6":1,"7":1,"8":1,"9":1,"10":0,"11":0,"12":0,"13":0,"14":0,"15":0,"16":0,"17":0,"18":0,"19":0,"20":0,"21":0,"22":0,"23":0,"24":0,"25":0,"26":0,"27":0,"28":0,"29":0,"30":0,"31":0,"32":0,"33":0,"34":0,"35":1,"36":0,"37":1,"38":0,"39":0,"40":0,"41":1,"42":0,"43":1,"44":0,"45":0,"46":0,"47":0,"48":0,"49":0,"50":0,"51":1,"52":0,"53":0,"54":0,"55":0,"56":0,"57":0,"58":1,"59":1},"f":{"0":0,"1":0,"2":0,"3":0,"4":0,"5":0},"b":{"0":[0,0],"1":[0,0],"2":[0,0],"3":[0,0],"4":[0,0]},"_coverageSchema":"1a1c01bbd47fc00a2c39e90264f33305004495a9","hash":"92c8ca46dbb4a8d07b4374144cb6923d69673d52"}
,"/Users/Phuong/Documents/CA_bootcamp/Fullstack_application/MERN-Project/Backend/src/controllers/UserController.js": {"path":"/Users/Phuong/Documents/CA_bootcamp/Fullstack_application/MERN-Project/Backend/src/controllers/UserController.js","statementMap":{"0":{"start":{"line":1,"column":16},"end":{"line":1,"column":34}},"1":{"start":{"line":2,"column":22},"end":{"line":2,"column":58}},"2":{"start":{"line":3,"column":85},"end":{"line":3,"column":128}},"3":{"start":{"line":4,"column":24},"end":{"line":4,"column":61}},"4":{"start":{"line":5,"column":25},"end":{"line":5,"column":64}},"5":{"start":{"line":6,"column":15},"end":{"line":6,"column":31}},"6":{"start":{"line":9,"column":0},"end":{"line":58,"column":3}},"7":{"start":{"line":10,"column":2},"end":{"line":57,"column":8}},"8":{"start":{"line":11,"column":4},"end":{"line":11,"column":43}},"9":{"start":{"line":13,"column":6},"end":{"line":57,"column":7}},"10":{"start":{"line":14,"column":26},"end":{"line":14,"column":43}},"11":{"start":{"line":15,"column":22},"end":{"line":19,"column":10}},"12":{"start":{"line":21,"column":31},"end":{"line":28,"column":9}},"13":{"start":{"line":30,"column":36},"end":{"line":32,"column":9}},"14":{"start":{"line":31,"column":12},"end":{"line":31,"column":85}},"15":{"start":{"line":34,"column":30},"end":{"line":41,"column":17}},"16":{"start":{"line":43,"column":8},"end":{"line":43,"column":35}},"17":{"start":{"line":46,"column":18},"end":{"line":46,"column":48}},"18":{"start":{"line":48,"column":8},"end":{"line":51,"column":9}},"19":{"start":{"line":53,"column":8},"end":{"line":53,"column":15}},"20":{"start":{"line":56,"column":10},"end":{"line":56,"column":40}},"21":{"start":{"line":62,"column":0},"end":{"line":71,"column":3}},"22":{"start":{"line":68,"column":4},"end":{"line":70,"column":4}},"23":{"start":{"line":74,"column":0},"end":{"line":76,"column":3}},"24":{"start":{"line":75,"column":2},"end":{"line":75,"column":49}},"25":{"start":{"line":80,"column":0},"end":{"line":99,"column":3}},"26":{"start":{"line":84,"column":24},"end":{"line":84,"column":49}},"27":{"start":{"line":85,"column":4},"end":{"line":98,"column":5}},"28":{"start":{"line":86,"column":6},"end":{"line":95,"column":9}},"29":{"start":{"line":87,"column":25},"end":{"line":87,"column":42}},"30":{"start":{"line":88,"column":25},"end":{"line":88,"column":133}},"31":{"start":{"line":89,"column":8},"end":{"line":89,"column":32}},"32":{"start":{"line":90,"column":8},"end":{"line":90,"column":34}},"33":{"start":{"line":91,"column":8},"end":{"line":91,"column":15}},"34":{"start":{"line":94,"column":10},"end":{"line":94,"column":52}},"35":{"start":{"line":97,"column":6},"end":{"line":97,"column":48}},"36":{"start":{"line":103,"column":0},"end":{"line":118,"column":3}},"37":{"start":{"line":105,"column":21},"end":{"line":105,"column":45}},"38":{"start":{"line":106,"column":44},"end":{"line":106,"column":46}},"39":{"start":{"line":107,"column":4},"end":{"line":115,"column":5}},"40":{"start":{"line":108,"column":6},"end":{"line":113,"column":7}},"41":{"start":{"line":109,"column":8},"end":{"line":112,"column":8}},"42":{"start":{"line":116,"column":4},"end":{"line":116,"column":52}},"43":{"start":{"line":122,"column":0},"end":{"line":135,"column":3}},"44":{"start":{"line":123,"column":2},"end":{"line":134,"column":3}},"45":{"start":{"line":124,"column":26},"end":{"line":124,"column":51}},"46":{"start":{"line":125,"column":24},"end":{"line":125,"column":70}},"47":{"start":{"line":127,"column":4},"end":{"line":129,"column":5}},"48":{"start":{"line":128,"column":6},"end":{"line":128,"column":47}},"49":{"start":{"line":131,"column":4},"end":{"line":131,"column":31}},"50":{"start":{"line":133,"column":4},"end":{"line":133,"column":34}},"51":{"start":{"line":140,"column":0},"end":{"line":162,"column":3}},"52":{"start":{"line":143,"column":24},"end":{"line":143,"column":49}},"53":{"start":{"line":144,"column":4},"end":{"line":161,"column":5}},"54":{"start":{"line":145,"column":6},"end":{"line":158,"column":7}},"55":{"start":{"line":146,"column":25},"end":{"line":146,"column":94}},"56":{"start":{"line":147,"column":8},"end":{"line":147,"column":89}},"57":{"start":{"line":148,"column":8},"end":{"line":155,"column":9}},"58":{"start":{"line":149,"column":8},"end":{"line":152,"column":11}},"59":{"start":{"line":154,"column":10},"end":{"line":154,"column":51}},"60":{"start":{"line":157,"column":8},"end":{"line":157,"column":56}},"61":{"start":{"line":160,"column":6},"end":{"line":160,"column":48}},"62":{"start":{"line":164,"column":0},"end":{"line":164,"column":24}}},"fnMap":{"0":{"name":"(anonymous_0)","decl":{"start":{"line":9,"column":47},"end":{"line":9,"column":48}},"loc":{"start":{"line":9,"column":81},"end":{"line":58,"column":1}},"line":9},"1":{"name":"(anonymous_1)","decl":{"start":{"line":30,"column":36},"end":{"line":30,"column":37}},"loc":{"start":{"line":30,"column":42},"end":{"line":32,"column":9}},"line":30},"2":{"name":"(anonymous_2)","decl":{"start":{"line":66,"column":2},"end":{"line":66,"column":3}},"loc":{"start":{"line":66,"column":31},"end":{"line":71,"column":1}},"line":66},"3":{"name":"(anonymous_3)","decl":{"start":{"line":74,"column":31},"end":{"line":74,"column":32}},"loc":{"start":{"line":74,"column":60},"end":{"line":76,"column":1}},"line":74},"4":{"name":"(anonymous_4)","decl":{"start":{"line":83,"column":2},"end":{"line":83,"column":3}},"loc":{"start":{"line":83,"column":36},"end":{"line":99,"column":1}},"line":83},"5":{"name":"(anonymous_5)","decl":{"start":{"line":104,"column":18},"end":{"line":104,"column":19}},"loc":{"start":{"line":104,"column":47},"end":{"line":118,"column":1}},"line":104},"6":{"name":"(anonymous_6)","decl":{"start":{"line":122,"column":29},"end":{"line":122,"column":30}},"loc":{"start":{"line":122,"column":64},"end":{"line":135,"column":1}},"line":122},"7":{"name":"(anonymous_7)","decl":{"start":{"line":142,"column":2},"end":{"line":142,"column":3}},"loc":{"start":{"line":142,"column":36},"end":{"line":162,"column":1}},"line":142}},"branchMap":{"0":{"loc":{"start":{"line":10,"column":2},"end":{"line":57,"column":8}},"type":"if","locations":[{"start":{"line":10,"column":2},"end":{"line":57,"column":8}},{"start":{"line":12,"column":11},"end":{"line":57,"column":8}}],"line":10},"1":{"loc":{"start":{"line":85,"column":4},"end":{"line":98,"column":5}},"type":"if","locations":[{"start":{"line":85,"column":4},"end":{"line":98,"column":5}},{"start":{"line":96,"column":11},"end":{"line":98,"column":5}}],"line":85},"2":{"loc":{"start":{"line":108,"column":6},"end":{"line":113,"column":7}},"type":"if","locations":[{"start":{"line":108,"column":6},"end":{"line":113,"column":7}},{"start":{},"end":{}}],"line":108},"3":{"loc":{"start":{"line":127,"column":4},"end":{"line":129,"column":5}},"type":"if","locations":[{"start":{"line":127,"column":4},"end":{"line":129,"column":5}},{"start":{},"end":{}}],"line":127},"4":{"loc":{"start":{"line":144,"column":4},"end":{"line":161,"column":5}},"type":"if","locations":[{"start":{"line":144,"column":4},"end":{"line":161,"column":5}},{"start":{"line":159,"column":11},"end":{"line":161,"column":5}}],"line":144},"5":{"loc":{"start":{"line":148,"column":8},"end":{"line":155,"column":9}},"type":"if","locations":[{"start":{"line":148,"column":8},"end":{"line":155,"column":9}},{"start":{"line":153,"column":15},"end":{"line":155,"column":9}}],"line":148}},"s":{"0":1,"1":1,"2":1,"3":1,"4":1,"5":1,"6":1,"7":0,"8":0,"9":0,"10":0,"11":0,"12":0,"13":0,"14":0,"15":0,"16":0,"17":0,"18":0,"19":0,"20":0,"21":1,"22":0,"23":1,"24":0,"25":1,"26":0,"27":0,"28":0,"29":0,"30":0,"31":0,"32":0,"33":0,"34":0,"35":0,"36":1,"37":0,"38":0,"39":0,"40":0,"41":0,"42":0,"43":1,"44":0,"45":0,"46":0,"47":0,"48":0,"49":0,"50":0,"51":1,"52":0,"53":0,"54":0,"55":0,"56":0,"57":0,"58":0,"59":0,"60":0,"61":0,"62":1},"f":{"0":0,"1":0,"2":0,"3":0,"4":0,"5":0,"6":0,"7":0},"b":{"0":[0,0],"1":[0,0],"2":[0,0],"3":[0,0],"4":[0,0],"5":[0,0]},"_coverageSchema":"1a1c01bbd47fc00a2c39e90264f33305004495a9","hash":"6d905ed0a66ab4e39d4939feaba67d963b852590"}
,"/Users/Phuong/Documents/CA_bootcamp/Fullstack_application/MERN-Project/Backend/src/database/connectionManager.js": {"path":"/Users/Phuong/Documents/CA_bootcamp/Fullstack_application/MERN-Project/Backend/src/database/connectionManager.js","statementMap":{"0":{"start":{"line":1,"column":30},"end":{"line":1,"column":49}},"1":{"start":{"line":5,"column":1},"end":{"line":28,"column":2}},"2":{"start":{"line":6,"column":14},"end":{"line":6,"column":57}},"3":{"start":{"line":7,"column":14},"end":{"line":7,"column":34}},"4":{"start":{"line":8,"column":18},"end":{"line":8,"column":42}},"5":{"start":{"line":9,"column":19},"end":{"line":9,"column":59}},"6":{"start":{"line":10,"column":18},"end":{"line":10,"column":42}},"7":{"start":{"line":11,"column":19},"end":{"line":11,"column":115}},"8":{"start":{"line":14,"column":2},"end":{"line":18,"column":3}},"9":{"start":{"line":15,"column":3},"end":{"line":15,"column":66}},"10":{"start":{"line":17,"column":3},"end":{"line":17,"column":35}},"11":{"start":{"line":23,"column":2},"end":{"line":23,"column":62}},"12":{"start":{"line":24,"column":2},"end":{"line":24,"column":44}},"13":{"start":{"line":25,"column":2},"end":{"line":25,"column":37}},"14":{"start":{"line":27,"column":2},"end":{"line":27,"column":71}},"15":{"start":{"line":33,"column":1},"end":{"line":33,"column":35}},"16":{"start":{"line":34,"column":1},"end":{"line":34,"column":39}},"17":{"start":{"line":37,"column":0},"end":{"line":39,"column":1}}},"fnMap":{"0":{"name":"dbConnect","decl":{"start":{"line":4,"column":15},"end":{"line":4,"column":24}},"loc":{"start":{"line":4,"column":27},"end":{"line":29,"column":1}},"line":4},"1":{"name":"dbClose","decl":{"start":{"line":32,"column":15},"end":{"line":32,"column":22}},"loc":{"start":{"line":32,"column":25},"end":{"line":35,"column":1}},"line":32}},"branchMap":{"0":{"loc":{"start":{"line":6,"column":14},"end":{"line":6,"column":57}},"type":"binary-expr","locations":[{"start":{"line":6,"column":14},"end":{"line":6,"column":34}},{"start":{"line":6,"column":38},"end":{"line":6,"column":57}}],"line":6},"1":{"loc":{"start":{"line":9,"column":19},"end":{"line":9,"column":59}},"type":"binary-expr","locations":[{"start":{"line":9,"column":19},"end":{"line":9,"column":44}},{"start":{"line":9,"column":48},"end":{"line":9,"column":59}}],"line":9},"2":{"loc":{"start":{"line":14,"column":2},"end":{"line":18,"column":3}},"type":"if","locations":[{"start":{"line":14,"column":2},"end":{"line":18,"column":3}},{"start":{"line":16,"column":9},"end":{"line":18,"column":3}}],"line":14},"3":{"loc":{"start":{"line":14,"column":6},"end":{"line":14,"column":46}},"type":"binary-expr","locations":[{"start":{"line":14,"column":6},"end":{"line":14,"column":18}},{"start":{"line":14,"column":22},"end":{"line":14,"column":30}},{"start":{"line":14,"column":34},"end":{"line":14,"column":46}}],"line":14}},"s":{"0":1,"1":0,"2":0,"3":0,"4":0,"5":0,"6":0,"7":0,"8":0,"9":0,"10":0,"11":0,"12":0,"13":0,"14":0,"15":2,"16":2,"17":1},"f":{"0":0,"1":2},"b":{"0":[0,0],"1":[0,0],"2":[0,0],"3":[0,0,0]},"_coverageSchema":"1a1c01bbd47fc00a2c39e90264f33305004495a9","hash":"ad4d3b7a008a00c3174024f11bbaf6b78e44c63c"}
,"/Users/Phuong/Documents/CA_bootcamp/Fullstack_application/MERN-Project/Backend/src/database/entities/BlackListJwt.js": {"path":"/Users/Phuong/Documents/CA_bootcamp/Fullstack_application/MERN-Project/Backend/src/database/entities/BlackListJwt.js","statementMap":{"0":{"start":{"line":1,"column":30},"end":{"line":1,"column":49}},"1":{"start":{"line":3,"column":22},"end":{"line":7,"column":1}},"2":{"start":{"line":9,"column":23},"end":{"line":9,"column":67}},"3":{"start":{"line":11,"column":0},"end":{"line":13,"column":2}}},"fnMap":{},"branchMap":{},"s":{"0":1,"1":1,"2":1,"3":1},"f":{},"b":{},"_coverageSchema":"1a1c01bbd47fc00a2c39e90264f33305004495a9","hash":"ec1d08e6f001a0f1a602c01e822d631be28ee7c8"}
,"/Users/Phuong/Documents/CA_bootcamp/Fullstack_application/MERN-Project/Backend/src/database/entities/Connection.js": {"path":"/Users/Phuong/Documents/CA_bootcamp/Fullstack_application/MERN-Project/Backend/src/database/entities/Connection.js","statementMap":{"0":{"start":{"line":1,"column":30},"end":{"line":1,"column":49}},"1":{"start":{"line":3,"column":23},"end":{"line":29,"column":1}},"2":{"start":{"line":19,"column":8},"end":{"line":19,"column":59}},"3":{"start":{"line":31,"column":0},"end":{"line":31,"column":69}},"4":{"start":{"line":33,"column":24},"end":{"line":33,"column":70}},"5":{"start":{"line":35,"column":0},"end":{"line":37,"column":2}}},"fnMap":{"0":{"name":"(anonymous_0)","decl":{"start":{"line":18,"column":17},"end":{"line":18,"column":18}},"loc":{"start":{"line":18,"column":37},"end":{"line":20,"column":7}},"line":18}},"branchMap":{},"s":{"0":1,"1":1,"2":0,"3":1,"4":1,"5":1},"f":{"0":0},"b":{},"_coverageSchema":"1a1c01bbd47fc00a2c39e90264f33305004495a9","hash":"b02926d86bcbca3370b9cad2e585a6f5a39cfae9"}
,"/Users/Phuong/Documents/CA_bootcamp/Fullstack_application/MERN-Project/Backend/src/database/entities/Message.js": {"path":"/Users/Phuong/Documents/CA_bootcamp/Fullstack_application/MERN-Project/Backend/src/database/entities/Message.js","statementMap":{"0":{"start":{"line":1,"column":30},"end":{"line":1,"column":49}},"1":{"start":{"line":3,"column":20},"end":{"line":29,"column":1}},"2":{"start":{"line":22,"column":10},"end":{"line":22,"column":67}},"3":{"start":{"line":31,"column":21},"end":{"line":31,"column":61}},"4":{"start":{"line":33,"column":0},"end":{"line":35,"column":2}}},"fnMap":{"0":{"name":"(anonymous_0)","decl":{"start":{"line":21,"column":19},"end":{"line":21,"column":20}},"loc":{"start":{"line":21,"column":39},"end":{"line":23,"column":7}},"line":21}},"branchMap":{},"s":{"0":1,"1":1,"2":0,"3":1,"4":1},"f":{"0":0},"b":{},"_coverageSchema":"1a1c01bbd47fc00a2c39e90264f33305004495a9","hash":"85b24f93b37aa2898d2419b1596cb288defe5598"}
,"/Users/Phuong/Documents/CA_bootcamp/Fullstack_application/MERN-Project/Backend/src/database/entities/Profile.js": {"path":"/Users/Phuong/Documents/CA_bootcamp/Fullstack_application/MERN-Project/Backend/src/database/entities/Profile.js","statementMap":{"0":{"start":{"line":1,"column":30},"end":{"line":1,"column":49}},"1":{"start":{"line":4,"column":20},"end":{"line":27,"column":1}},"2":{"start":{"line":29,"column":21},"end":{"line":29,"column":61}},"3":{"start":{"line":31,"column":0},"end":{"line":33,"column":1}}},"fnMap":{},"branchMap":{},"s":{"0":1,"1":1,"2":1,"3":1},"f":{},"b":{},"_coverageSchema":"1a1c01bbd47fc00a2c39e90264f33305004495a9","hash":"a544f3f624621c6197327707e0148241e16e6bf0"}
,"/Users/Phuong/Documents/CA_bootcamp/Fullstack_application/MERN-Project/Backend/src/database/entities/RoomChat.js": {"path":"/Users/Phuong/Documents/CA_bootcamp/Fullstack_application/MERN-Project/Backend/src/database/entities/RoomChat.js","statementMap":{"0":{"start":{"line":1,"column":30},"end":{"line":1,"column":49}},"1":{"start":{"line":3,"column":21},"end":{"line":24,"column":1}},"2":{"start":{"line":18,"column":8},"end":{"line":18,"column":55}},"3":{"start":{"line":26,"column":0},"end":{"line":34,"column":2}},"4":{"start":{"line":27,"column":2},"end":{"line":31,"column":3}},"5":{"start":{"line":28,"column":4},"end":{"line":28,"column":24}},"6":{"start":{"line":30,"column":4},"end":{"line":30,"column":23}},"7":{"start":{"line":33,"column":2},"end":{"line":33,"column":9}},"8":{"start":{"line":36,"column":22},"end":{"line":36,"column":64}},"9":{"start":{"line":38,"column":0},"end":{"line":40,"column":2}}},"fnMap":{"0":{"name":"(anonymous_0)","decl":{"start":{"line":17,"column":17},"end":{"line":17,"column":18}},"loc":{"start":{"line":17,"column":37},"end":{"line":19,"column":7}},"line":17},"1":{"name":"(anonymous_1)","decl":{"start":{"line":26,"column":27},"end":{"line":26,"column":28}},"loc":{"start":{"line":26,"column":42},"end":{"line":34,"column":1}},"line":26}},"branchMap":{"0":{"loc":{"start":{"line":27,"column":2},"end":{"line":31,"column":3}},"type":"if","locations":[{"start":{"line":27,"column":2},"end":{"line":31,"column":3}},{"start":{"line":29,"column":7},"end":{"line":31,"column":3}}],"line":27},"1":{"loc":{"start":{"line":27,"column":6},"end":{"line":27,"column":57}},"type":"binary-expr","locations":[{"start":{"line":27,"column":6},"end":{"line":27,"column":23}},{"start":{"line":27,"column":27},"end":{"line":27,"column":57}}],"line":27}},"s":{"0":1,"1":1,"2":0,"3":1,"4":0,"5":0,"6":0,"7":0,"8":1,"9":1},"f":{"0":0,"1":0},"b":{"0":[0,0],"1":[0,0]},"_coverageSchema":"1a1c01bbd47fc00a2c39e90264f33305004495a9","hash":"0a21e0228a71d7d9e7ee075fa2558750ab481816"}
,"/Users/Phuong/Documents/CA_bootcamp/Fullstack_application/MERN-Project/Backend/src/database/entities/User.js": {"path":"/Users/Phuong/Documents/CA_bootcamp/Fullstack_application/MERN-Project/Backend/src/database/entities/User.js","statementMap":{"0":{"start":{"line":1,"column":30},"end":{"line":1,"column":49}},"1":{"start":{"line":2,"column":18},"end":{"line":2,"column":38}},"2":{"start":{"line":3,"column":25},"end":{"line":3,"column":45}},"3":{"start":{"line":4,"column":15},"end":{"line":4,"column":37}},"4":{"start":{"line":6,"column":17},"end":{"line":64,"column":2}},"5":{"start":{"line":13,"column":8},"end":{"line":13,"column":42}},"6":{"start":{"line":15,"column":33},"end":{"line":15,"column":80}},"7":{"start":{"line":33,"column":33},"end":{"line":46,"column":6}},"8":{"start":{"line":47,"column":5},"end":{"line":47,"column":75}},"9":{"start":{"line":61,"column":3},"end":{"line":61,"column":49}},"10":{"start":{"line":66,"column":0},"end":{"line":83,"column":2}},"11":{"start":{"line":69,"column":2},"end":{"line":73,"column":3}},"12":{"start":{"line":71,"column":3},"end":{"line":71,"column":54}},"13":{"start":{"line":76,"column":2},"end":{"line":76,"column":50}},"14":{"start":{"line":76,"column":36},"end":{"line":76,"column":50}},"15":{"start":{"line":79,"column":2},"end":{"line":79,"column":82}},"16":{"start":{"line":81,"column":2},"end":{"line":81,"column":9}},"17":{"start":{"line":87,"column":0},"end":{"line":89,"column":1}},"18":{"start":{"line":88,"column":1},"end":{"line":88,"column":91}},"19":{"start":{"line":91,"column":18},"end":{"line":91,"column":52}},"20":{"start":{"line":93,"column":0},"end":{"line":95,"column":1}}},"fnMap":{"0":{"name":"(anonymous_0)","decl":{"start":{"line":12,"column":17},"end":{"line":12,"column":18}},"loc":{"start":{"line":12,"column":36},"end":{"line":14,"column":7}},"line":12},"1":{"name":"(anonymous_1)","decl":{"start":{"line":15,"column":15},"end":{"line":15,"column":16}},"loc":{"start":{"line":15,"column":33},"end":{"line":15,"column":80}},"line":15},"2":{"name":"(anonymous_2)","decl":{"start":{"line":32,"column":15},"end":{"line":32,"column":16}},"loc":{"start":{"line":32,"column":38},"end":{"line":48,"column":5}},"line":32},"3":{"name":"(anonymous_3)","decl":{"start":{"line":60,"column":11},"end":{"line":60,"column":12}},"loc":{"start":{"line":60,"column":23},"end":{"line":62,"column":3}},"line":60},"4":{"name":"(anonymous_4)","decl":{"start":{"line":68,"column":1},"end":{"line":68,"column":2}},"loc":{"start":{"line":68,"column":23},"end":{"line":82,"column":2}},"line":68},"5":{"name":"(anonymous_5)","decl":{"start":{"line":87,"column":40},"end":{"line":87,"column":41}},"loc":{"start":{"line":87,"column":73},"end":{"line":89,"column":1}},"line":87}},"branchMap":{"0":{"loc":{"start":{"line":69,"column":2},"end":{"line":73,"column":3}},"type":"if","locations":[{"start":{"line":69,"column":2},"end":{"line":73,"column":3}},{"start":{},"end":{}}],"line":69},"1":{"loc":{"start":{"line":76,"column":2},"end":{"line":76,"column":50}},"type":"if","locations":[{"start":{"line":76,"column":2},"end":{"line":76,"column":50}},{"start":{},"end":{}}],"line":76}},"s":{"0":1,"1":1,"2":1,"3":1,"4":1,"5":0,"6":0,"7":0,"8":0,"9":0,"10":1,"11":0,"12":0,"13":0,"14":0,"15":0,"16":0,"17":1,"18":0,"19":1,"20":1},"f":{"0":0,"1":0,"2":0,"3":0,"4":0,"5":0},"b":{"0":[0,0],"1":[0,0]},"_coverageSchema":"1a1c01bbd47fc00a2c39e90264f33305004495a9","hash":"0e82ffbe6385cae0c74e338d00744eefdfaaccb2"}
,"/Users/Phuong/Documents/CA_bootcamp/Fullstack_application/MERN-Project/Backend/src/middleware/ConnectionValidation.js": {"path":"/Users/Phuong/Documents/CA_bootcamp/Fullstack_application/MERN-Project/Backend/src/middleware/ConnectionValidation.js","statementMap":{"0":{"start":{"line":1,"column":28},"end":{"line":1,"column":70}},"1":{"start":{"line":2,"column":22},"end":{"line":2,"column":58}},"2":{"start":{"line":6,"column":2},"end":{"line":50,"column":5}},"3":{"start":{"line":7,"column":26},"end":{"line":7,"column":52}},"4":{"start":{"line":9,"column":4},"end":{"line":11,"column":5}},"5":{"start":{"line":10,"column":6},"end":{"line":10,"column":48}},"6":{"start":{"line":13,"column":21},"end":{"line":13,"column":67}},"7":{"start":{"line":15,"column":4},"end":{"line":17,"column":5}},"8":{"start":{"line":16,"column":6},"end":{"line":16,"column":51}},"9":{"start":{"line":20,"column":27},"end":{"line":28,"column":13}},"10":{"start":{"line":31,"column":4},"end":{"line":33,"column":5}},"11":{"start":{"line":32,"column":6},"end":{"line":32,"column":70}},"12":{"start":{"line":44,"column":4},"end":{"line":44,"column":33}},"13":{"start":{"line":46,"column":4},"end":{"line":46,"column":10}},"14":{"start":{"line":49,"column":8},"end":{"line":49,"column":38}},"15":{"start":{"line":53,"column":0},"end":{"line":55,"column":1}}},"fnMap":{"0":{"name":"viewAllConnection","decl":{"start":{"line":5,"column":15},"end":{"line":5,"column":32}},"loc":{"start":{"line":5,"column":58},"end":{"line":51,"column":1}},"line":5}},"branchMap":{"0":{"loc":{"start":{"line":9,"column":4},"end":{"line":11,"column":5}},"type":"if","locations":[{"start":{"line":9,"column":4},"end":{"line":11,"column":5}},{"start":{},"end":{}}],"line":9},"1":{"loc":{"start":{"line":15,"column":4},"end":{"line":17,"column":5}},"type":"if","locations":[{"start":{"line":15,"column":4},"end":{"line":17,"column":5}},{"start":{},"end":{}}],"line":15},"2":{"loc":{"start":{"line":31,"column":4},"end":{"line":33,"column":5}},"type":"if","locations":[{"start":{"line":31,"column":4},"end":{"line":33,"column":5}},{"start":{},"end":{}}],"line":31}},"s":{"0":1,"1":1,"2":0,"3":0,"4":0,"5":0,"6":0,"7":0,"8":0,"9":0,"10":0,"11":0,"12":0,"13":0,"14":0,"15":1},"f":{"0":0},"b":{"0":[0,0],"1":[0,0],"2":[0,0]},"_coverageSchema":"1a1c01bbd47fc00a2c39e90264f33305004495a9","hash":"2aa881cb3a133cc1aa1f17263780678d0e7d126a"}
,"/Users/Phuong/Documents/CA_bootcamp/Fullstack_application/MERN-Project/Backend/src/middleware/RoomChatValidations.js": {"path":"/Users/Phuong/Documents/CA_bootcamp/Fullstack_application/MERN-Project/Backend/src/middleware/RoomChatValidations.js","statementMap":{"0":{"start":{"line":1,"column":22},"end":{"line":1,"column":58}},"1":{"start":{"line":2,"column":26},"end":{"line":2,"column":66}},"2":{"start":{"line":5,"column":4},"end":{"line":45,"column":5}},"3":{"start":{"line":6,"column":23},"end":{"line":6,"column":49}},"4":{"start":{"line":8,"column":8},"end":{"line":10,"column":9}},"5":{"start":{"line":9,"column":12},"end":{"line":9,"column":54}},"6":{"start":{"line":12,"column":25},"end":{"line":12,"column":64}},"7":{"start":{"line":14,"column":8},"end":{"line":16,"column":9}},"8":{"start":{"line":15,"column":12},"end":{"line":15,"column":57}},"9":{"start":{"line":19,"column":23},"end":{"line":19,"column":48}},"10":{"start":{"line":21,"column":8},"end":{"line":23,"column":9}},"11":{"start":{"line":22,"column":12},"end":{"line":22,"column":55}},"12":{"start":{"line":25,"column":25},"end":{"line":25,"column":110}},"13":{"start":{"line":27,"column":8},"end":{"line":29,"column":9}},"14":{"start":{"line":28,"column":12},"end":{"line":28,"column":54}},"15":{"start":{"line":32,"column":30},"end":{"line":34,"column":9}},"16":{"start":{"line":33,"column":18},"end":{"line":33,"column":76}},"17":{"start":{"line":37,"column":8},"end":{"line":39,"column":9}},"18":{"start":{"line":38,"column":12},"end":{"line":38,"column":62}},"19":{"start":{"line":41,"column":8},"end":{"line":41,"column":32}},"20":{"start":{"line":44,"column":8},"end":{"line":44,"column":38}},"21":{"start":{"line":47,"column":4},"end":{"line":47,"column":10}},"22":{"start":{"line":50,"column":2},"end":{"line":52,"column":3}}},"fnMap":{"0":{"name":"canViewRoom","decl":{"start":{"line":4,"column":15},"end":{"line":4,"column":26}},"loc":{"start":{"line":4,"column":52},"end":{"line":48,"column":1}},"line":4},"1":{"name":"(anonymous_1)","decl":{"start":{"line":33,"column":12},"end":{"line":33,"column":13}},"loc":{"start":{"line":33,"column":18},"end":{"line":33,"column":76}},"line":33}},"branchMap":{"0":{"loc":{"start":{"line":8,"column":8},"end":{"line":10,"column":9}},"type":"if","locations":[{"start":{"line":8,"column":8},"end":{"line":10,"column":9}},{"start":{},"end":{}}],"line":8},"1":{"loc":{"start":{"line":14,"column":8},"end":{"line":16,"column":9}},"type":"if","locations":[{"start":{"line":14,"column":8},"end":{"line":16,"column":9}},{"start":{},"end":{}}],"line":14},"2":{"loc":{"start":{"line":21,"column":8},"end":{"line":23,"column":9}},"type":"if","locations":[{"start":{"line":21,"column":8},"end":{"line":23,"column":9}},{"start":{},"end":{}}],"line":21},"3":{"loc":{"start":{"line":27,"column":8},"end":{"line":29,"column":9}},"type":"if","locations":[{"start":{"line":27,"column":8},"end":{"line":29,"column":9}},{"start":{},"end":{}}],"line":27},"4":{"loc":{"start":{"line":33,"column":18},"end":{"line":33,"column":76}},"type":"cond-expr","locations":[{"start":{"line":33,"column":29},"end":{"line":33,"column":45}},{"start":{"line":33,"column":48},"end":{"line":33,"column":76}}],"line":33},"5":{"loc":{"start":{"line":37,"column":8},"end":{"line":39,"column":9}},"type":"if","locations":[{"start":{"line":37,"column":8},"end":{"line":39,"column":9}},{"start":{},"end":{}}],"line":37},"6":{"loc":{"start":{"line":37,"column":12},"end":{"line":37,"column":81}},"type":"binary-expr","locations":[{"start":{"line":37,"column":12},"end":{"line":37,"column":26}},{"start":{"line":37,"column":31},"end":{"line":37,"column":53}},{"start":{"line":37,"column":57},"end":{"line":37,"column":80}}],"line":37}},"s":{"0":1,"1":1,"2":0,"3":0,"4":0,"5":0,"6":0,"7":0,"8":0,"9":0,"10":0,"11":0,"12":0,"13":0,"14":0,"15":0,"16":0,"17":0,"18":0,"19":0,"20":0,"21":0,"22":1},"f":{"0":0,"1":0},"b":{"0":[0,0],"1":[0,0],"2":[0,0],"3":[0,0],"4":[0,0],"5":[0,0],"6":[0,0,0]},"_coverageSchema":"1a1c01bbd47fc00a2c39e90264f33305004495a9","hash":"e528b64f398baed046830f4dcc9461a9b903b0a5"}
,"/Users/Phuong/Documents/CA_bootcamp/Fullstack_application/MERN-Project/Backend/src/middleware/RoomValidation.js": {"path":"/Users/Phuong/Documents/CA_bootcamp/Fullstack_application/MERN-Project/Backend/src/middleware/RoomValidation.js","statementMap":{"0":{"start":{"line":1,"column":26},"end":{"line":1,"column":66}},"1":{"start":{"line":2,"column":22},"end":{"line":2,"column":58}},"2":{"start":{"line":6,"column":2},"end":{"line":47,"column":5}},"3":{"start":{"line":7,"column":26},"end":{"line":7,"column":52}},"4":{"start":{"line":9,"column":4},"end":{"line":11,"column":5}},"5":{"start":{"line":10,"column":6},"end":{"line":10,"column":48}},"6":{"start":{"line":13,"column":21},"end":{"line":13,"column":67}},"7":{"start":{"line":15,"column":4},"end":{"line":17,"column":5}},"8":{"start":{"line":16,"column":6},"end":{"line":16,"column":51}},"9":{"start":{"line":20,"column":21},"end":{"line":25,"column":11}},"10":{"start":{"line":28,"column":4},"end":{"line":30,"column":5}},"11":{"start":{"line":29,"column":6},"end":{"line":29,"column":65}},"12":{"start":{"line":41,"column":4},"end":{"line":41,"column":27}},"13":{"start":{"line":43,"column":4},"end":{"line":43,"column":10}},"14":{"start":{"line":46,"column":8},"end":{"line":46,"column":38}},"15":{"start":{"line":50,"column":0},"end":{"line":52,"column":1}}},"fnMap":{"0":{"name":"viewAllRooms","decl":{"start":{"line":5,"column":15},"end":{"line":5,"column":27}},"loc":{"start":{"line":5,"column":53},"end":{"line":48,"column":1}},"line":5}},"branchMap":{"0":{"loc":{"start":{"line":9,"column":4},"end":{"line":11,"column":5}},"type":"if","locations":[{"start":{"line":9,"column":4},"end":{"line":11,"column":5}},{"start":{},"end":{}}],"line":9},"1":{"loc":{"start":{"line":15,"column":4},"end":{"line":17,"column":5}},"type":"if","locations":[{"start":{"line":15,"column":4},"end":{"line":17,"column":5}},{"start":{},"end":{}}],"line":15},"2":{"loc":{"start":{"line":28,"column":4},"end":{"line":30,"column":5}},"type":"if","locations":[{"start":{"line":28,"column":4},"end":{"line":30,"column":5}},{"start":{},"end":{}}],"line":28}},"s":{"0":1,"1":1,"2":0,"3":0,"4":0,"5":0,"6":0,"7":0,"8":0,"9":0,"10":0,"11":0,"12":0,"13":0,"14":0,"15":1},"f":{"0":0},"b":{"0":[0,0],"1":[0,0],"2":[0,0]},"_coverageSchema":"1a1c01bbd47fc00a2c39e90264f33305004495a9","hash":"4380045698590ebfc828dcfe0c4fab8a7d6e3004"}
,"/Users/Phuong/Documents/CA_bootcamp/Fullstack_application/MERN-Project/Backend/src/middleware/UserCRUDValidation.js": {"path":"/Users/Phuong/Documents/CA_bootcamp/Fullstack_application/MERN-Project/Backend/src/middleware/UserCRUDValidation.js","statementMap":{"0":{"start":{"line":1,"column":27},"end":{"line":1,"column":71}},"1":{"start":{"line":2,"column":22},"end":{"line":2,"column":58}},"2":{"start":{"line":3,"column":36},"end":{"line":3,"column":61}},"3":{"start":{"line":10,"column":19},"end":{"line":10,"column":59}},"4":{"start":{"line":13,"column":2},"end":{"line":15,"column":3}},"5":{"start":{"line":14,"column":4},"end":{"line":14,"column":49}},"6":{"start":{"line":18,"column":2},"end":{"line":20,"column":3}},"7":{"start":{"line":19,"column":4},"end":{"line":19,"column":48}},"8":{"start":{"line":23,"column":20},"end":{"line":23,"column":71}},"9":{"start":{"line":26,"column":23},"end":{"line":26,"column":48}},"10":{"start":{"line":27,"column":2},"end":{"line":27,"column":76}},"11":{"start":{"line":28,"column":2},"end":{"line":28,"column":80}},"12":{"start":{"line":31,"column":17},"end":{"line":36,"column":4}},"13":{"start":{"line":38,"column":1},"end":{"line":40,"column":2}},"14":{"start":{"line":39,"column":2},"end":{"line":39,"column":67}},"15":{"start":{"line":43,"column":25},"end":{"line":43,"column":84}},"16":{"start":{"line":44,"column":1},"end":{"line":47,"column":2}},"17":{"start":{"line":46,"column":2},"end":{"line":46,"column":65}},"18":{"start":{"line":50,"column":1},"end":{"line":54,"column":2}},"19":{"start":{"line":57,"column":2},"end":{"line":57,"column":9}},"20":{"start":{"line":67,"column":1},"end":{"line":69,"column":2}},"21":{"start":{"line":68,"column":2},"end":{"line":68,"column":109}},"22":{"start":{"line":72,"column":14},"end":{"line":72,"column":64}},"23":{"start":{"line":75,"column":1},"end":{"line":78,"column":3}},"24":{"start":{"line":81,"column":1},"end":{"line":81,"column":8}},"25":{"start":{"line":86,"column":21},"end":{"line":86,"column":57}},"26":{"start":{"line":89,"column":2},"end":{"line":91,"column":3}},"27":{"start":{"line":90,"column":4},"end":{"line":90,"column":56}},"28":{"start":{"line":93,"column":1},"end":{"line":123,"column":2}},"29":{"start":{"line":95,"column":32},"end":{"line":95,"column":61}},"30":{"start":{"line":98,"column":29},"end":{"line":98,"column":79}},"31":{"start":{"line":100,"column":4},"end":{"line":102,"column":5}},"32":{"start":{"line":101,"column":6},"end":{"line":101,"column":73}},"33":{"start":{"line":104,"column":4},"end":{"line":107,"column":6}},"34":{"start":{"line":110,"column":2},"end":{"line":110,"column":59}},"35":{"start":{"line":114,"column":2},"end":{"line":114,"column":9}},"36":{"start":{"line":118,"column":2},"end":{"line":122,"column":3}},"37":{"start":{"line":119,"column":3},"end":{"line":119,"column":67}},"38":{"start":{"line":121,"column":3},"end":{"line":121,"column":33}},"39":{"start":{"line":128,"column":21},"end":{"line":128,"column":57}},"40":{"start":{"line":131,"column":2},"end":{"line":133,"column":3}},"41":{"start":{"line":132,"column":4},"end":{"line":132,"column":56}},"42":{"start":{"line":135,"column":2},"end":{"line":145,"column":3}},"43":{"start":{"line":137,"column":2},"end":{"line":137,"column":32}},"44":{"start":{"line":139,"column":4},"end":{"line":139,"column":54}},"45":{"start":{"line":140,"column":4},"end":{"line":140,"column":39}},"46":{"start":{"line":141,"column":4},"end":{"line":141,"column":11}},"47":{"start":{"line":144,"column":4},"end":{"line":144,"column":33}},"48":{"start":{"line":150,"column":15},"end":{"line":150,"column":17}},"49":{"start":{"line":152,"column":2},"end":{"line":160,"column":3}},"50":{"start":{"line":153,"column":22},"end":{"line":153,"column":64}},"51":{"start":{"line":154,"column":23},"end":{"line":154,"column":80}},"52":{"start":{"line":155,"column":4},"end":{"line":157,"column":5}},"53":{"start":{"line":156,"column":6},"end":{"line":156,"column":78}},"54":{"start":{"line":159,"column":4},"end":{"line":159,"column":36}},"55":{"start":{"line":162,"column":2},"end":{"line":170,"column":3}},"56":{"start":{"line":163,"column":23},"end":{"line":163,"column":62}},"57":{"start":{"line":164,"column":24},"end":{"line":164,"column":79}},"58":{"start":{"line":165,"column":4},"end":{"line":167,"column":5}},"59":{"start":{"line":166,"column":6},"end":{"line":166,"column":43}},"60":{"start":{"line":169,"column":4},"end":{"line":169,"column":33}},"61":{"start":{"line":172,"column":2},"end":{"line":174,"column":3}},"62":{"start":{"line":173,"column":4},"end":{"line":173,"column":36}},"63":{"start":{"line":175,"column":2},"end":{"line":175,"column":26}},"64":{"start":{"line":177,"column":2},"end":{"line":177,"column":8}},"65":{"start":{"line":180,"column":2},"end":{"line":186,"column":3}}},"fnMap":{"0":{"name":"verifyBasicUserAuth","decl":{"start":{"line":7,"column":15},"end":{"line":7,"column":34}},"loc":{"start":{"line":7,"column":61},"end":{"line":59,"column":1}},"line":7},"1":{"name":"createJwt","decl":{"start":{"line":63,"column":15},"end":{"line":63,"column":24}},"loc":{"start":{"line":63,"column":51},"end":{"line":82,"column":1}},"line":63},"2":{"name":"verifyJwt","decl":{"start":{"line":84,"column":15},"end":{"line":84,"column":24}},"loc":{"start":{"line":84,"column":51},"end":{"line":124,"column":1}},"line":84},"3":{"name":"logout","decl":{"start":{"line":126,"column":15},"end":{"line":126,"column":21}},"loc":{"start":{"line":126,"column":47},"end":{"line":146,"column":1}},"line":126},"4":{"name":"validateRegisterData","decl":{"start":{"line":149,"column":15},"end":{"line":149,"column":35}},"loc":{"start":{"line":149,"column":62},"end":{"line":178,"column":3}},"line":149}},"branchMap":{"0":{"loc":{"start":{"line":10,"column":19},"end":{"line":10,"column":59}},"type":"binary-expr","locations":[{"start":{"line":10,"column":19},"end":{"line":10,"column":51}},{"start":{"line":10,"column":55},"end":{"line":10,"column":59}}],"line":10},"1":{"loc":{"start":{"line":13,"column":2},"end":{"line":15,"column":3}},"type":"if","locations":[{"start":{"line":13,"column":2},"end":{"line":15,"column":3}},{"start":{},"end":{}}],"line":13},"2":{"loc":{"start":{"line":18,"column":2},"end":{"line":20,"column":3}},"type":"if","locations":[{"start":{"line":18,"column":2},"end":{"line":20,"column":3}},{"start":{},"end":{}}],"line":18},"3":{"loc":{"start":{"line":38,"column":1},"end":{"line":40,"column":2}},"type":"if","locations":[{"start":{"line":38,"column":1},"end":{"line":40,"column":2}},{"start":{},"end":{}}],"line":38},"4":{"loc":{"start":{"line":38,"column":5},"end":{"line":38,"column":36}},"type":"binary-expr","locations":[{"start":{"line":38,"column":5},"end":{"line":38,"column":15}},{"start":{"line":38,"column":19},"end":{"line":38,"column":36}}],"line":38},"5":{"loc":{"start":{"line":44,"column":1},"end":{"line":47,"column":2}},"type":"if","locations":[{"start":{"line":44,"column":1},"end":{"line":47,"column":2}},{"start":{},"end":{}}],"line":44},"6":{"loc":{"start":{"line":67,"column":1},"end":{"line":69,"column":2}},"type":"if","locations":[{"start":{"line":67,"column":1},"end":{"line":69,"column":2}},{"start":{},"end":{}}],"line":67},"7":{"loc":{"start":{"line":86,"column":21},"end":{"line":86,"column":57}},"type":"binary-expr","locations":[{"start":{"line":86,"column":21},"end":{"line":86,"column":49}},{"start":{"line":86,"column":53},"end":{"line":86,"column":57}}],"line":86},"8":{"loc":{"start":{"line":89,"column":2},"end":{"line":91,"column":3}},"type":"if","locations":[{"start":{"line":89,"column":2},"end":{"line":91,"column":3}},{"start":{},"end":{}}],"line":89},"9":{"loc":{"start":{"line":100,"column":4},"end":{"line":102,"column":5}},"type":"if","locations":[{"start":{"line":100,"column":4},"end":{"line":102,"column":5}},{"start":{},"end":{}}],"line":100},"10":{"loc":{"start":{"line":118,"column":2},"end":{"line":122,"column":3}},"type":"if","locations":[{"start":{"line":118,"column":2},"end":{"line":122,"column":3}},{"start":{"line":120,"column":9},"end":{"line":122,"column":3}}],"line":118},"11":{"loc":{"start":{"line":128,"column":21},"end":{"line":128,"column":57}},"type":"binary-expr","locations":[{"start":{"line":128,"column":21},"end":{"line":128,"column":49}},{"start":{"line":128,"column":53},"end":{"line":128,"column":57}}],"line":128},"12":{"loc":{"start":{"line":131,"column":2},"end":{"line":133,"column":3}},"type":"if","locations":[{"start":{"line":131,"column":2},"end":{"line":133,"column":3}},{"start":{},"end":{}}],"line":131},"13":{"loc":{"start":{"line":152,"column":2},"end":{"line":160,"column":3}},"type":"if","locations":[{"start":{"line":152,"column":2},"end":{"line":160,"column":3}},{"start":{"line":158,"column":9},"end":{"line":160,"column":3}}],"line":152},"14":{"loc":{"start":{"line":155,"column":4},"end":{"line":157,"column":5}},"type":"if","locations":[{"start":{"line":155,"column":4},"end":{"line":157,"column":5}},{"start":{},"end":{}}],"line":155},"15":{"loc":{"start":{"line":162,"column":2},"end":{"line":170,"column":3}},"type":"if","locations":[{"start":{"line":162,"column":2},"end":{"line":170,"column":3}},{"start":{"line":168,"column":9},"end":{"line":170,"column":3}}],"line":162},"16":{"loc":{"start":{"line":165,"column":4},"end":{"line":167,"column":5}},"type":"if","locations":[{"start":{"line":165,"column":4},"end":{"line":167,"column":5}},{"start":{},"end":{}}],"line":165},"17":{"loc":{"start":{"line":172,"column":2},"end":{"line":174,"column":3}},"type":"if","locations":[{"start":{"line":172,"column":2},"end":{"line":174,"column":3}},{"start":{},"end":{}}],"line":172}},"s":{"0":1,"1":1,"2":1,"3":1,"4":1,"5":1,"6":0,"7":0,"8":0,"9":0,"10":0,"11":0,"12":0,"13":0,"14":0,"15":0,"16":0,"17":0,"18":0,"19":0,"20":0,"21":0,"22":0,"23":0,"24":0,"25":0,"26":0,"27":0,"28":0,"29":0,"30":0,"31":0,"32":0,"33":0,"34":0,"35":0,"36":0,"37":0,"38":0,"39":0,"40":0,"41":0,"42":0,"43":0,"44":0,"45":0,"46":0,"47":0,"48":1,"49":1,"50":1,"51":1,"52":0,"53":0,"54":0,"55":0,"56":0,"57":0,"58":0,"59":0,"60":0,"61":0,"62":0,"63":0,"64":0,"65":1},"f":{"0":1,"1":0,"2":0,"3":0,"4":1},"b":{"0":[1,1],"1":[1,0],"2":[0,0],"3":[0,0],"4":[0,0],"5":[0,0],"6":[0,0],"7":[0,0],"8":[0,0],"9":[0,0],"10":[0,0],"11":[0,0],"12":[0,0],"13":[1,0],"14":[0,0],"15":[0,0],"16":[0,0],"17":[0,0]},"_coverageSchema":"1a1c01bbd47fc00a2c39e90264f33305004495a9","hash":"4e4daef0206d83dc8e246e436744ff6050445f6c"}
,"/Users/Phuong/Documents/CA_bootcamp/Fullstack_application/MERN-Project/Backend/src/middleware/jwtFunctions.js": {"path":"/Users/Phuong/Documents/CA_bootcamp/Fullstack_application/MERN-Project/Backend/src/middleware/jwtFunctions.js","statementMap":{"0":{"start":{"line":1,"column":12},"end":{"line":1,"column":35}},"1":{"start":{"line":2,"column":22},"end":{"line":2,"column":58}},"2":{"start":{"line":12,"column":17},"end":{"line":14,"column":2}},"3":{"start":{"line":17,"column":1},"end":{"line":19,"column":2}},"4":{"start":{"line":18,"column":2},"end":{"line":18,"column":81}},"5":{"start":{"line":21,"column":16},"end":{"line":30,"column":2}},"6":{"start":{"line":33,"column":1},"end":{"line":38,"column":4}},"7":{"start":{"line":40,"column":1},"end":{"line":40,"column":17}},"8":{"start":{"line":50,"column":1},"end":{"line":52,"column":2}},"9":{"start":{"line":51,"column":2},"end":{"line":51,"column":83}},"10":{"start":{"line":55,"column":16},"end":{"line":55,"column":61}},"11":{"start":{"line":59,"column":17},"end":{"line":59,"column":64}},"12":{"start":{"line":61,"column":1},"end":{"line":63,"column":2}},"13":{"start":{"line":62,"column":2},"end":{"line":62,"column":56}},"14":{"start":{"line":65,"column":1},"end":{"line":68,"column":2}},"15":{"start":{"line":72,"column":0},"end":{"line":75,"column":1}}},"fnMap":{"0":{"name":"generateJWT","decl":{"start":{"line":11,"column":9},"end":{"line":11,"column":20}},"loc":{"start":{"line":11,"column":43},"end":{"line":41,"column":1}},"line":11},"1":{"name":"validateJWT","decl":{"start":{"line":49,"column":15},"end":{"line":49,"column":26}},"loc":{"start":{"line":49,"column":38},"end":{"line":69,"column":1}},"line":49}},"branchMap":{"0":{"loc":{"start":{"line":17,"column":1},"end":{"line":19,"column":2}},"type":"if","locations":[{"start":{"line":17,"column":1},"end":{"line":19,"column":2}},{"start":{},"end":{}}],"line":17},"1":{"loc":{"start":{"line":50,"column":1},"end":{"line":52,"column":2}},"type":"if","locations":[{"start":{"line":50,"column":1},"end":{"line":52,"column":2}},{"start":{},"end":{}}],"line":50},"2":{"loc":{"start":{"line":61,"column":1},"end":{"line":63,"column":2}},"type":"if","locations":[{"start":{"line":61,"column":1},"end":{"line":63,"column":2}},{"start":{},"end":{}}],"line":61},"3":{"loc":{"start":{"line":61,"column":5},"end":{"line":61,"column":36}},"type":"binary-expr","locations":[{"start":{"line":61,"column":5},"end":{"line":61,"column":15}},{"start":{"line":61,"column":19},"end":{"line":61,"column":36}}],"line":61}},"s":{"0":1,"1":1,"2":0,"3":0,"4":0,"5":0,"6":0,"7":0,"8":0,"9":0,"10":0,"11":0,"12":0,"13":0,"14":0,"15":1},"f":{"0":0,"1":0},"b":{"0":[0,0],"1":[0,0],"2":[0,0],"3":[0,0]},"_coverageSchema":"1a1c01bbd47fc00a2c39e90264f33305004495a9","hash":"26ea16b5c96d61199f836049c78e6f240ba813e5"}
,"/Users/Phuong/Documents/CA_bootcamp/Fullstack_application/MERN-Project/Backend/src/sockets/websocket.js": {"path":"/Users/Phuong/Documents/CA_bootcamp/Fullstack_application/MERN-Project/Backend/src/sockets/websocket.js","statementMap":{"0":{"start":{"line":1,"column":19},"end":{"line":1,"column":39}},"1":{"start":{"line":2,"column":17},"end":{"line":2,"column":36}},"2":{"start":{"line":3,"column":25},"end":{"line":3,"column":64}},"3":{"start":{"line":4,"column":22},"end":{"line":4,"column":58}},"4":{"start":{"line":5,"column":26},"end":{"line":5,"column":66}},"5":{"start":{"line":6,"column":25},"end":{"line":6,"column":64}},"6":{"start":{"line":7,"column":24},"end":{"line":7,"column":61}},"7":{"start":{"line":8,"column":15},"end":{"line":8,"column":32}},"8":{"start":{"line":11,"column":0},"end":{"line":293,"column":2}},"9":{"start":{"line":13,"column":13},"end":{"line":24,"column":4}},"10":{"start":{"line":27,"column":25},"end":{"line":27,"column":34}},"11":{"start":{"line":29,"column":2},"end":{"line":32,"column":3}},"12":{"start":{"line":30,"column":23},"end":{"line":30,"column":56}},"13":{"start":{"line":31,"column":4},"end":{"line":31,"column":38}},"14":{"start":{"line":34,"column":23},"end":{"line":68,"column":3}},"15":{"start":{"line":36,"column":19},"end":{"line":41,"column":5}},"16":{"start":{"line":43,"column":4},"end":{"line":46,"column":5}},"17":{"start":{"line":44,"column":6},"end":{"line":44,"column":37}},"18":{"start":{"line":45,"column":6},"end":{"line":45,"column":22}},"19":{"start":{"line":49,"column":17},"end":{"line":49,"column":56}},"20":{"start":{"line":50,"column":4},"end":{"line":53,"column":5}},"21":{"start":{"line":51,"column":6},"end":{"line":51,"column":38}},"22":{"start":{"line":52,"column":6},"end":{"line":52,"column":22}},"23":{"start":{"line":55,"column":4},"end":{"line":55,"column":37}},"24":{"start":{"line":58,"column":20},"end":{"line":58,"column":73}},"25":{"start":{"line":59,"column":4},"end":{"line":62,"column":5}},"26":{"start":{"line":60,"column":6},"end":{"line":60,"column":41}},"27":{"start":{"line":61,"column":6},"end":{"line":61,"column":22}},"28":{"start":{"line":64,"column":4},"end":{"line":64,"column":49}},"29":{"start":{"line":66,"column":4},"end":{"line":66,"column":20}},"30":{"start":{"line":71,"column":2},"end":{"line":100,"column":4}},"31":{"start":{"line":72,"column":4},"end":{"line":99,"column":5}},"32":{"start":{"line":73,"column":22},"end":{"line":73,"column":51}},"33":{"start":{"line":75,"column":6},"end":{"line":77,"column":7}},"34":{"start":{"line":76,"column":8},"end":{"line":76,"column":47}},"35":{"start":{"line":79,"column":28},"end":{"line":79,"column":49}},"36":{"start":{"line":82,"column":25},"end":{"line":82,"column":57}},"37":{"start":{"line":84,"column":6},"end":{"line":86,"column":7}},"38":{"start":{"line":85,"column":8},"end":{"line":85,"column":60}},"39":{"start":{"line":88,"column":23},"end":{"line":88,"column":52}},"40":{"start":{"line":90,"column":6},"end":{"line":90,"column":54}},"41":{"start":{"line":92,"column":6},"end":{"line":92,"column":49}},"42":{"start":{"line":94,"column":6},"end":{"line":94,"column":13}},"43":{"start":{"line":97,"column":6},"end":{"line":97,"column":58}},"44":{"start":{"line":98,"column":6},"end":{"line":98,"column":53}},"45":{"start":{"line":103,"column":2},"end":{"line":290,"column":5}},"46":{"start":{"line":104,"column":4},"end":{"line":104,"column":70}},"47":{"start":{"line":107,"column":4},"end":{"line":113,"column":5}},"48":{"start":{"line":109,"column":6},"end":{"line":109,"column":59}},"49":{"start":{"line":110,"column":6},"end":{"line":110,"column":76}},"50":{"start":{"line":111,"column":6},"end":{"line":111,"column":30}},"51":{"start":{"line":112,"column":6},"end":{"line":112,"column":13}},"52":{"start":{"line":117,"column":4},"end":{"line":117,"column":47}},"53":{"start":{"line":123,"column":4},"end":{"line":153,"column":7}},"54":{"start":{"line":124,"column":6},"end":{"line":152,"column":7}},"55":{"start":{"line":126,"column":25},"end":{"line":126,"column":68}},"56":{"start":{"line":127,"column":8},"end":{"line":129,"column":9}},"57":{"start":{"line":128,"column":10},"end":{"line":128,"column":47}},"58":{"start":{"line":131,"column":8},"end":{"line":131,"column":53}},"59":{"start":{"line":134,"column":8},"end":{"line":134,"column":28}},"60":{"start":{"line":137,"column":31},"end":{"line":138,"column":31}},"61":{"start":{"line":140,"column":30},"end":{"line":140,"column":32}},"62":{"start":{"line":142,"column":8},"end":{"line":146,"column":9}},"63":{"start":{"line":143,"column":27},"end":{"line":143,"column":72}},"64":{"start":{"line":145,"column":10},"end":{"line":145,"column":40}},"65":{"start":{"line":149,"column":8},"end":{"line":149,"column":59}},"66":{"start":{"line":151,"column":8},"end":{"line":151,"column":27}},"67":{"start":{"line":156,"column":4},"end":{"line":158,"column":7}},"68":{"start":{"line":157,"column":6},"end":{"line":157,"column":47}},"69":{"start":{"line":161,"column":4},"end":{"line":163,"column":7}},"70":{"start":{"line":162,"column":6},"end":{"line":162,"column":50}},"71":{"start":{"line":166,"column":4},"end":{"line":236,"column":7}},"72":{"start":{"line":167,"column":6},"end":{"line":235,"column":7}},"73":{"start":{"line":169,"column":23},"end":{"line":169,"column":34}},"74":{"start":{"line":172,"column":21},"end":{"line":172,"column":60}},"75":{"start":{"line":173,"column":8},"end":{"line":176,"column":9}},"76":{"start":{"line":174,"column":10},"end":{"line":174,"column":42}},"77":{"start":{"line":175,"column":10},"end":{"line":175,"column":17}},"78":{"start":{"line":178,"column":23},"end":{"line":178,"column":34}},"79":{"start":{"line":181,"column":8},"end":{"line":184,"column":9}},"80":{"start":{"line":182,"column":10},"end":{"line":182,"column":41}},"81":{"start":{"line":183,"column":10},"end":{"line":183,"column":17}},"82":{"start":{"line":187,"column":21},"end":{"line":187,"column":64}},"83":{"start":{"line":188,"column":8},"end":{"line":191,"column":9}},"84":{"start":{"line":189,"column":10},"end":{"line":189,"column":42}},"85":{"start":{"line":190,"column":10},"end":{"line":190,"column":17}},"86":{"start":{"line":192,"column":20},"end":{"line":192,"column":28}},"87":{"start":{"line":194,"column":8},"end":{"line":194,"column":52}},"88":{"start":{"line":197,"column":8},"end":{"line":200,"column":9}},"89":{"start":{"line":198,"column":10},"end":{"line":198,"column":41}},"90":{"start":{"line":199,"column":10},"end":{"line":199,"column":17}},"91":{"start":{"line":203,"column":24},"end":{"line":203,"column":77}},"92":{"start":{"line":204,"column":8},"end":{"line":207,"column":9}},"93":{"start":{"line":205,"column":10},"end":{"line":205,"column":45}},"94":{"start":{"line":206,"column":10},"end":{"line":206,"column":17}},"95":{"start":{"line":210,"column":8},"end":{"line":210,"column":49}},"96":{"start":{"line":212,"column":8},"end":{"line":217,"column":10}},"97":{"start":{"line":220,"column":25},"end":{"line":225,"column":9}},"98":{"start":{"line":228,"column":8},"end":{"line":228,"column":52}},"99":{"start":{"line":232,"column":8},"end":{"line":232,"column":59}},"100":{"start":{"line":233,"column":8},"end":{"line":233,"column":106}},"101":{"start":{"line":234,"column":8},"end":{"line":234,"column":32}},"102":{"start":{"line":239,"column":4},"end":{"line":248,"column":7}},"103":{"start":{"line":241,"column":6},"end":{"line":243,"column":7}},"104":{"start":{"line":242,"column":8},"end":{"line":242,"column":43}},"105":{"start":{"line":245,"column":6},"end":{"line":245,"column":51}},"106":{"start":{"line":252,"column":4},"end":{"line":288,"column":7}},"107":{"start":{"line":253,"column":6},"end":{"line":287,"column":7}},"108":{"start":{"line":255,"column":23},"end":{"line":255,"column":34}},"109":{"start":{"line":258,"column":8},"end":{"line":261,"column":9}},"110":{"start":{"line":259,"column":10},"end":{"line":259,"column":41}},"111":{"start":{"line":260,"column":10},"end":{"line":260,"column":17}},"112":{"start":{"line":264,"column":21},"end":{"line":264,"column":60}},"113":{"start":{"line":265,"column":8},"end":{"line":268,"column":9}},"114":{"start":{"line":266,"column":10},"end":{"line":266,"column":42}},"115":{"start":{"line":267,"column":10},"end":{"line":267,"column":17}},"116":{"start":{"line":271,"column":8},"end":{"line":274,"column":9}},"117":{"start":{"line":272,"column":10},"end":{"line":272,"column":36}},"118":{"start":{"line":273,"column":10},"end":{"line":273,"column":17}},"119":{"start":{"line":277,"column":20},"end":{"line":277,"column":61}},"120":{"start":{"line":278,"column":8},"end":{"line":281,"column":9}},"121":{"start":{"line":279,"column":10},"end":{"line":279,"column":45}},"122":{"start":{"line":280,"column":10},"end":{"line":280,"column":17}},"123":{"start":{"line":284,"column":8},"end":{"line":284,"column":58}},"124":{"start":{"line":286,"column":8},"end":{"line":286,"column":59}},"125":{"start":{"line":292,"column":2},"end":{"line":292,"column":12}}},"fnMap":{"0":{"name":"(anonymous_0)","decl":{"start":{"line":11,"column":17},"end":{"line":11,"column":18}},"loc":{"start":{"line":11,"column":29},"end":{"line":293,"column":1}},"line":11},"1":{"name":"(anonymous_1)","decl":{"start":{"line":29,"column":2},"end":{"line":29,"column":3}},"loc":{"start":{"line":29,"column":8},"end":{"line":32,"column":3}},"line":29},"2":{"name":"(anonymous_2)","decl":{"start":{"line":34,"column":23},"end":{"line":34,"column":24}},"loc":{"start":{"line":34,"column":45},"end":{"line":68,"column":3}},"line":34},"3":{"name":"(anonymous_3)","decl":{"start":{"line":71,"column":10},"end":{"line":71,"column":11}},"loc":{"start":{"line":71,"column":34},"end":{"line":100,"column":3}},"line":71},"4":{"name":"(anonymous_4)","decl":{"start":{"line":103,"column":21},"end":{"line":103,"column":22}},"loc":{"start":{"line":103,"column":39},"end":{"line":290,"column":3}},"line":103},"5":{"name":"(anonymous_5)","decl":{"start":{"line":123,"column":26},"end":{"line":123,"column":27}},"loc":{"start":{"line":123,"column":43},"end":{"line":153,"column":5}},"line":123},"6":{"name":"(anonymous_6)","decl":{"start":{"line":156,"column":24},"end":{"line":156,"column":25}},"loc":{"start":{"line":156,"column":34},"end":{"line":158,"column":5}},"line":156},"7":{"name":"(anonymous_7)","decl":{"start":{"line":161,"column":29},"end":{"line":161,"column":30}},"loc":{"start":{"line":161,"column":40},"end":{"line":163,"column":5}},"line":161},"8":{"name":"(anonymous_8)","decl":{"start":{"line":166,"column":29},"end":{"line":166,"column":30}},"loc":{"start":{"line":166,"column":45},"end":{"line":236,"column":5}},"line":166},"9":{"name":"(anonymous_9)","decl":{"start":{"line":239,"column":28},"end":{"line":239,"column":29}},"loc":{"start":{"line":239,"column":34},"end":{"line":248,"column":5}},"line":239},"10":{"name":"(anonymous_10)","decl":{"start":{"line":252,"column":31},"end":{"line":252,"column":32}},"loc":{"start":{"line":252,"column":48},"end":{"line":288,"column":5}},"line":252}},"branchMap":{"0":{"loc":{"start":{"line":43,"column":4},"end":{"line":46,"column":5}},"type":"if","locations":[{"start":{"line":43,"column":4},"end":{"line":46,"column":5}},{"start":{},"end":{}}],"line":43},"1":{"loc":{"start":{"line":43,"column":8},"end":{"line":43,"column":59}},"type":"binary-expr","locations":[{"start":{"line":43,"column":8},"end":{"line":43,"column":15}},{"start":{"line":43,"column":19},"end":{"line":43,"column":59}}],"line":43},"2":{"loc":{"start":{"line":50,"column":4},"end":{"line":53,"column":5}},"type":"if","locations":[{"start":{"line":50,"column":4},"end":{"line":53,"column":5}},{"start":{},"end":{}}],"line":50},"3":{"loc":{"start":{"line":59,"column":4},"end":{"line":62,"column":5}},"type":"if","locations":[{"start":{"line":59,"column":4},"end":{"line":62,"column":5}},{"start":{},"end":{}}],"line":59},"4":{"loc":{"start":{"line":64,"column":26},"end":{"line":64,"column":48}},"type":"binary-expr","locations":[{"start":{"line":64,"column":26},"end":{"line":64,"column":40}},{"start":{"line":64,"column":44},"end":{"line":64,"column":48}}],"line":64},"5":{"loc":{"start":{"line":75,"column":6},"end":{"line":77,"column":7}},"type":"if","locations":[{"start":{"line":75,"column":6},"end":{"line":77,"column":7}},{"start":{},"end":{}}],"line":75},"6":{"loc":{"start":{"line":82,"column":25},"end":{"line":82,"column":57}},"type":"binary-expr","locations":[{"start":{"line":82,"column":25},"end":{"line":82,"column":49}},{"start":{"line":82,"column":53},"end":{"line":82,"column":57}}],"line":82},"7":{"loc":{"start":{"line":84,"column":6},"end":{"line":86,"column":7}},"type":"if","locations":[{"start":{"line":84,"column":6},"end":{"line":86,"column":7}},{"start":{},"end":{}}],"line":84},"8":{"loc":{"start":{"line":107,"column":4},"end":{"line":113,"column":5}},"type":"if","locations":[{"start":{"line":107,"column":4},"end":{"line":113,"column":5}},{"start":{},"end":{}}],"line":107},"9":{"loc":{"start":{"line":127,"column":8},"end":{"line":129,"column":9}},"type":"if","locations":[{"start":{"line":127,"column":8},"end":{"line":129,"column":9}},{"start":{},"end":{}}],"line":127},"10":{"loc":{"start":{"line":127,"column":12},"end":{"line":127,"column":32}},"type":"binary-expr","locations":[{"start":{"line":127,"column":12},"end":{"line":127,"column":19}},{"start":{"line":127,"column":23},"end":{"line":127,"column":32}}],"line":127},"11":{"loc":{"start":{"line":173,"column":8},"end":{"line":176,"column":9}},"type":"if","locations":[{"start":{"line":173,"column":8},"end":{"line":176,"column":9}},{"start":{},"end":{}}],"line":173},"12":{"loc":{"start":{"line":181,"column":8},"end":{"line":184,"column":9}},"type":"if","locations":[{"start":{"line":181,"column":8},"end":{"line":184,"column":9}},{"start":{},"end":{}}],"line":181},"13":{"loc":{"start":{"line":181,"column":12},"end":{"line":181,"column":63}},"type":"binary-expr","locations":[{"start":{"line":181,"column":12},"end":{"line":181,"column":19}},{"start":{"line":181,"column":23},"end":{"line":181,"column":63}}],"line":181},"14":{"loc":{"start":{"line":188,"column":8},"end":{"line":191,"column":9}},"type":"if","locations":[{"start":{"line":188,"column":8},"end":{"line":191,"column":9}},{"start":{},"end":{}}],"line":188},"15":{"loc":{"start":{"line":197,"column":8},"end":{"line":200,"column":9}},"type":"if","locations":[{"start":{"line":197,"column":8},"end":{"line":200,"column":9}},{"start":{},"end":{}}],"line":197},"16":{"loc":{"start":{"line":197,"column":12},"end":{"line":197,"column":63}},"type":"binary-expr","locations":[{"start":{"line":197,"column":12},"end":{"line":197,"column":19}},{"start":{"line":197,"column":23},"end":{"line":197,"column":63}}],"line":197},"17":{"loc":{"start":{"line":204,"column":8},"end":{"line":207,"column":9}},"type":"if","locations":[{"start":{"line":204,"column":8},"end":{"line":207,"column":9}},{"start":{},"end":{}}],"line":204},"18":{"loc":{"start":{"line":223,"column":22},"end":{"line":223,"column":44}},"type":"binary-expr","locations":[{"start":{"line":223,"column":22},"end":{"line":223,"column":36}},{"start":{"line":223,"column":40},"end":{"line":223,"column":44}}],"line":223},"19":{"loc":{"start":{"line":241,"column":6},"end":{"line":243,"column":7}},"type":"if","locations":[{"start":{"line":241,"column":6},"end":{"line":243,"column":7}},{"start":{},"end":{}}],"line":241},"20":{"loc":{"start":{"line":258,"column":8},"end":{"line":261,"column":9}},"type":"if","locations":[{"start":{"line":258,"column":8},"end":{"line":261,"column":9}},{"start":{},"end":{}}],"line":258},"21":{"loc":{"start":{"line":258,"column":12},"end":{"line":258,"column":63}},"type":"binary-expr","locations":[{"start":{"line":258,"column":12},"end":{"line":258,"column":19}},{"start":{"line":258,"column":23},"end":{"line":258,"column":63}}],"line":258},"22":{"loc":{"start":{"line":265,"column":8},"end":{"line":268,"column":9}},"type":"if","locations":[{"start":{"line":265,"column":8},"end":{"line":268,"column":9}},{"start":{},"end":{}}],"line":265},"23":{"loc":{"start":{"line":271,"column":8},"end":{"line":274,"column":9}},"type":"if","locations":[{"start":{"line":271,"column":8},"end":{"line":274,"column":9}},{"start":{},"end":{}}],"line":271},"24":{"loc":{"start":{"line":271,"column":12},"end":{"line":271,"column":61}},"type":"binary-expr","locations":[{"start":{"line":271,"column":12},"end":{"line":271,"column":18}},{"start":{"line":271,"column":22},"end":{"line":271,"column":61}}],"line":271},"25":{"loc":{"start":{"line":278,"column":8},"end":{"line":281,"column":9}},"type":"if","locations":[{"start":{"line":278,"column":8},"end":{"line":281,"column":9}},{"start":{},"end":{}}],"line":278}},"s":{"0":1,"1":1,"2":1,"3":1,"4":1,"5":1,"6":1,"7":1,"8":1,"9":1,"10":1,"11":1,"12":0,"13":0,"14":1,"15":0,"16":0,"17":0,"18":0,"19":0,"20":0,"21":0,"22":0,"23":0,"24":0,"25":0,"26":0,"27":0,"28":0,"29":0,"30":1,"31":0,"32":0,"33":0,"34":0,"35":0,"36":0,"37":0,"38":0,"39":0,"40":0,"41":0,"42":0,"43":0,"44":0,"45":1,"46":0,"47":0,"48":0,"49":0,"50":0,"51":0,"52":0,"53":0,"54":0,"55":0,"56":0,"57":0,"58":0,"59":0,"60":0,"61":0,"62":0,"63":0,"64":0,"65":0,"66":0,"67":0,"68":0,"69":0,"70":0,"71":0,"72":0,"73":0,"74":0,"75":0,"76":0,"77":0,"78":0,"79":0,"80":0,"81":0,"82":0,"83":0,"84":0,"85":0,"86":0,"87":0,"88":0,"89":0,"90":0,"91":0,"92":0,"93":0,"94":0,"95":0,"96":0,"97":0,"98":0,"99":0,"100":0,"101":0,"102":0,"103":0,"104":0,"105":0,"106":0,"107":0,"108":0,"109":0,"110":0,"111":0,"112":0,"113":0,"114":0,"115":0,"116":0,"117":0,"118":0,"119":0,"120":0,"121":0,"122":0,"123":0,"124":0,"125":1},"f":{"0":1,"1":0,"2":0,"3":0,"4":0,"5":0,"6":0,"7":0,"8":0,"9":0,"10":0},"b":{"0":[0,0],"1":[0,0],"2":[0,0],"3":[0,0],"4":[0,0],"5":[0,0],"6":[0,0],"7":[0,0],"8":[0,0],"9":[0,0],"10":[0,0],"11":[0,0],"12":[0,0],"13":[0,0],"14":[0,0],"15":[0,0],"16":[0,0],"17":[0,0],"18":[0,0],"19":[0,0],"20":[0,0],"21":[0,0],"22":[0,0],"23":[0,0],"24":[0,0],"25":[0,0]},"_coverageSchema":"1a1c01bbd47fc00a2c39e90264f33305004495a9","hash":"4b9622704c5831f44f35c0dae5a4c4ad887cdd97"}
}
