{"/Users/Phuong/Documents/CA_bootcamp/Advanced_application/MERN-Project/Backend/src/server.js": {"path":"/Users/Phuong/Documents/CA_bootcamp/Advanced_application/MERN-Project/Backend/src/server.js","statementMap":{"0":{"start":{"line":1,"column":16},"end":{"line":1,"column":34}},"1":{"start":{"line":2,"column":12},"end":{"line":2,"column":21}},"2":{"start":{"line":3,"column":13},"end":{"line":3,"column":28}},"3":{"start":{"line":4,"column":15},"end":{"line":4,"column":37}},"4":{"start":{"line":5,"column":19},"end":{"line":5,"column":39}},"5":{"start":{"line":6,"column":11},"end":{"line":6,"column":29}},"6":{"start":{"line":7,"column":15},"end":{"line":7,"column":32}},"7":{"start":{"line":8,"column":13},"end":{"line":8,"column":28}},"8":{"start":{"line":9,"column":30},"end":{"line":9,"column":49}},"9":{"start":{"line":10,"column":23},"end":{"line":10,"column":62}},"10":{"start":{"line":11,"column":26},"end":{"line":11,"column":68}},"11":{"start":{"line":12,"column":29},"end":{"line":12,"column":74}},"12":{"start":{"line":13,"column":27},"end":{"line":13,"column":70}},"13":{"start":{"line":14,"column":15},"end":{"line":14,"column":32}},"14":{"start":{"line":15,"column":13},"end":{"line":15,"column":28}},"15":{"start":{"line":20,"column":0},"end":{"line":20,"column":56}},"16":{"start":{"line":24,"column":0},"end":{"line":30,"column":2}},"17":{"start":{"line":33,"column":17},"end":{"line":36,"column":29}},"18":{"start":{"line":37,"column":0},"end":{"line":37,"column":26}},"19":{"start":{"line":41,"column":0},"end":{"line":41,"column":24}},"20":{"start":{"line":42,"column":0},"end":{"line":42,"column":46}},"21":{"start":{"line":46,"column":14},"end":{"line":53,"column":2}},"22":{"start":{"line":48,"column":4},"end":{"line":48,"column":23}},"23":{"start":{"line":51,"column":4},"end":{"line":51,"column":46}},"24":{"start":{"line":57,"column":0},"end":{"line":59,"column":3}},"25":{"start":{"line":58,"column":2},"end":{"line":58,"column":66}},"26":{"start":{"line":63,"column":0},"end":{"line":65,"column":3}},"27":{"start":{"line":64,"column":2},"end":{"line":64,"column":41}},"28":{"start":{"line":69,"column":0},"end":{"line":69,"column":42}},"29":{"start":{"line":73,"column":0},"end":{"line":85,"column":2}},"30":{"start":{"line":74,"column":22},"end":{"line":74,"column":52}},"31":{"start":{"line":75,"column":21},"end":{"line":75,"column":45}},"32":{"start":{"line":76,"column":23},"end":{"line":76,"column":55}},"33":{"start":{"line":77,"column":21},"end":{"line":77,"column":45}},"34":{"start":{"line":79,"column":2},"end":{"line":84,"column":2}},"35":{"start":{"line":87,"column":0},"end":{"line":87,"column":34}},"36":{"start":{"line":88,"column":0},"end":{"line":88,"column":40}},"37":{"start":{"line":89,"column":0},"end":{"line":89,"column":45}},"38":{"start":{"line":90,"column":0},"end":{"line":90,"column":38}},"39":{"start":{"line":94,"column":0},"end":{"line":98,"column":3}},"40":{"start":{"line":95,"column":2},"end":{"line":97,"column":4}},"41":{"start":{"line":102,"column":0},"end":{"line":106,"column":3}},"42":{"start":{"line":103,"column":2},"end":{"line":105,"column":4}},"43":{"start":{"line":110,"column":0},"end":{"line":112,"column":1}}},"fnMap":{"0":{"name":"(anonymous_0)","decl":{"start":{"line":47,"column":15},"end":{"line":47,"column":16}},"loc":{"start":{"line":47,"column":37},"end":{"line":49,"column":3}},"line":47},"1":{"name":"(anonymous_1)","decl":{"start":{"line":50,"column":12},"end":{"line":50,"column":13}},"loc":{"start":{"line":50,"column":35},"end":{"line":52,"column":5}},"line":50},"2":{"name":"(anonymous_2)","decl":{"start":{"line":57,"column":13},"end":{"line":57,"column":14}},"loc":{"start":{"line":57,"column":35},"end":{"line":59,"column":1}},"line":57},"3":{"name":"(anonymous_3)","decl":{"start":{"line":63,"column":20},"end":{"line":63,"column":21}},"loc":{"start":{"line":63,"column":26},"end":{"line":65,"column":1}},"line":63},"4":{"name":"(anonymous_4)","decl":{"start":{"line":73,"column":27},"end":{"line":73,"column":28}},"loc":{"start":{"line":73,"column":50},"end":{"line":85,"column":1}},"line":73},"5":{"name":"(anonymous_5)","decl":{"start":{"line":94,"column":8},"end":{"line":94,"column":9}},"loc":{"start":{"line":94,"column":44},"end":{"line":98,"column":1}},"line":94},"6":{"name":"(anonymous_6)","decl":{"start":{"line":102,"column":14},"end":{"line":102,"column":15}},"loc":{"start":{"line":102,"column":35},"end":{"line":106,"column":1}},"line":102}},"branchMap":{},"s":{"0":1,"1":1,"2":1,"3":1,"4":1,"5":1,"6":1,"7":1,"8":1,"9":1,"10":1,"11":1,"12":1,"13":1,"14":1,"15":1,"16":1,"17":1,"18":1,"19":1,"20":1,"21":1,"22":0,"23":0,"24":1,"25":0,"26":1,"27":1,"28":1,"29":1,"30":0,"31":0,"32":0,"33":0,"34":0,"35":1,"36":1,"37":1,"38":1,"39":1,"40":2,"41":1,"42":0,"43":1},"f":{"0":0,"1":0,"2":0,"3":1,"4":0,"5":2,"6":0},"b":{},"_coverageSchema":"1a1c01bbd47fc00a2c39e90264f33305004495a9","hash":"b0e29c1b9ab09c4379751dfb27ef8264c341ef57"}
,"/Users/Phuong/Documents/CA_bootcamp/Advanced_application/MERN-Project/Backend/src/controllers/ConnectionController.js": {"path":"/Users/Phuong/Documents/CA_bootcamp/Advanced_application/MERN-Project/Backend/src/controllers/ConnectionController.js","statementMap":{"0":{"start":{"line":1,"column":16},"end":{"line":1,"column":34}},"1":{"start":{"line":2,"column":28},"end":{"line":2,"column":70}},"2":{"start":{"line":3,"column":22},"end":{"line":3,"column":65}},"3":{"start":{"line":4,"column":30},"end":{"line":4,"column":75}},"4":{"start":{"line":6,"column":15},"end":{"line":6,"column":31}},"5":{"start":{"line":8,"column":0},"end":{"line":26,"column":3}},"6":{"start":{"line":9,"column":24},"end":{"line":9,"column":49}},"7":{"start":{"line":11,"column":26},"end":{"line":11,"column":43}},"8":{"start":{"line":12,"column":2},"end":{"line":24,"column":3}},"9":{"start":{"line":13,"column":4},"end":{"line":18,"column":7}},"10":{"start":{"line":19,"column":4},"end":{"line":19,"column":31}},"11":{"start":{"line":20,"column":4},"end":{"line":20,"column":33}},"12":{"start":{"line":21,"column":4},"end":{"line":21,"column":11}},"13":{"start":{"line":23,"column":4},"end":{"line":23,"column":34}},"14":{"start":{"line":28,"column":0},"end":{"line":50,"column":2}},"15":{"start":{"line":29,"column":24},"end":{"line":29,"column":49}},"16":{"start":{"line":30,"column":2},"end":{"line":49,"column":3}},"17":{"start":{"line":31,"column":26},"end":{"line":31,"column":92}},"18":{"start":{"line":32,"column":3},"end":{"line":46,"column":4}},"19":{"start":{"line":33,"column":4},"end":{"line":35,"column":6}},"20":{"start":{"line":36,"column":4},"end":{"line":38,"column":5}},"21":{"start":{"line":37,"column":6},"end":{"line":37,"column":97}},"22":{"start":{"line":39,"column":4},"end":{"line":42,"column":7}},"23":{"start":{"line":43,"column":4},"end":{"line":43,"column":10}},"24":{"start":{"line":45,"column":4},"end":{"line":45,"column":51}},"25":{"start":{"line":48,"column":4},"end":{"line":48,"column":58}},"26":{"start":{"line":53,"column":0},"end":{"line":55,"column":3}},"27":{"start":{"line":54,"column":2},"end":{"line":54,"column":8}},"28":{"start":{"line":63,"column":0},"end":{"line":63,"column":24}}},"fnMap":{"0":{"name":"(anonymous_0)","decl":{"start":{"line":8,"column":28},"end":{"line":8,"column":29}},"loc":{"start":{"line":8,"column":62},"end":{"line":26,"column":1}},"line":8},"1":{"name":"(anonymous_1)","decl":{"start":{"line":28,"column":43},"end":{"line":28,"column":44}},"loc":{"start":{"line":28,"column":77},"end":{"line":50,"column":1}},"line":28},"2":{"name":"(anonymous_2)","decl":{"start":{"line":53,"column":46},"end":{"line":53,"column":47}},"loc":{"start":{"line":53,"column":52},"end":{"line":55,"column":1}},"line":53}},"branchMap":{"0":{"loc":{"start":{"line":32,"column":3},"end":{"line":46,"column":4}},"type":"if","locations":[{"start":{"line":32,"column":3},"end":{"line":46,"column":4}},{"start":{"line":44,"column":9},"end":{"line":46,"column":4}}],"line":32},"1":{"loc":{"start":{"line":34,"column":6},"end":{"line":34,"column":132}},"type":"binary-expr","locations":[{"start":{"line":34,"column":7},"end":{"line":34,"column":65}},{"start":{"line":34,"column":71},"end":{"line":34,"column":131}}],"line":34},"2":{"loc":{"start":{"line":36,"column":4},"end":{"line":38,"column":5}},"type":"if","locations":[{"start":{"line":36,"column":4},"end":{"line":38,"column":5}},{"start":{},"end":{}}],"line":36}},"s":{"0":1,"1":1,"2":1,"3":1,"4":1,"5":1,"6":0,"7":0,"8":0,"9":0,"10":0,"11":0,"12":0,"13":0,"14":1,"15":0,"16":0,"17":0,"18":0,"19":0,"20":0,"21":0,"22":0,"23":0,"24":0,"25":0,"26":1,"27":0,"28":1},"f":{"0":0,"1":0,"2":0},"b":{"0":[0,0],"1":[0,0],"2":[0,0]},"_coverageSchema":"1a1c01bbd47fc00a2c39e90264f33305004495a9","hash":"e68df3c3ce32292261c525bc1a042a6f17d5933b"}
,"/Users/Phuong/Documents/CA_bootcamp/Advanced_application/MERN-Project/Backend/src/controllers/ProfileController.js": {"path":"/Users/Phuong/Documents/CA_bootcamp/Advanced_application/MERN-Project/Backend/src/controllers/ProfileController.js","statementMap":{"0":{"start":{"line":1,"column":16},"end":{"line":1,"column":34}},"1":{"start":{"line":2,"column":15},"end":{"line":2,"column":32}},"2":{"start":{"line":3,"column":14},"end":{"line":3,"column":34}},"3":{"start":{"line":4,"column":15},"end":{"line":4,"column":43}},"4":{"start":{"line":5,"column":15},"end":{"line":5,"column":31}},"5":{"start":{"line":6,"column":11},"end":{"line":6,"column":24}},"6":{"start":{"line":7,"column":25},"end":{"line":7,"column":64}},"7":{"start":{"line":8,"column":28},"end":{"line":8,"column":70}},"8":{"start":{"line":9,"column":22},"end":{"line":9,"column":65}},"9":{"start":{"line":13,"column":0},"end":{"line":16,"column":3}},"10":{"start":{"line":14,"column":2},"end":{"line":14,"column":69}},"11":{"start":{"line":15,"column":2},"end":{"line":15,"column":29}},"12":{"start":{"line":19,"column":0},"end":{"line":37,"column":3}},"13":{"start":{"line":21,"column":23},"end":{"line":28,"column":3}},"14":{"start":{"line":29,"column":2},"end":{"line":36,"column":3}},"15":{"start":{"line":30,"column":21},"end":{"line":30,"column":62}},"16":{"start":{"line":31,"column":4},"end":{"line":31,"column":28}},"17":{"start":{"line":32,"column":4},"end":{"line":32,"column":30}},"18":{"start":{"line":33,"column":4},"end":{"line":33,"column":11}},"19":{"start":{"line":35,"column":8},"end":{"line":35,"column":38}},"20":{"start":{"line":40,"column":0},"end":{"line":51,"column":3}},"21":{"start":{"line":41,"column":1},"end":{"line":50,"column":3}},"22":{"start":{"line":42,"column":19},"end":{"line":42,"column":36}},"23":{"start":{"line":43,"column":2},"end":{"line":44,"column":81}},"24":{"start":{"line":45,"column":2},"end":{"line":45,"column":29}},"25":{"start":{"line":46,"column":2},"end":{"line":46,"column":31}},"26":{"start":{"line":47,"column":2},"end":{"line":47,"column":9}},"27":{"start":{"line":49,"column":4},"end":{"line":49,"column":49}},"28":{"start":{"line":59,"column":0},"end":{"line":59,"column":24}}},"fnMap":{"0":{"name":"(anonymous_0)","decl":{"start":{"line":13,"column":23},"end":{"line":13,"column":24}},"loc":{"start":{"line":13,"column":52},"end":{"line":16,"column":1}},"line":13},"1":{"name":"(anonymous_1)","decl":{"start":{"line":19,"column":66},"end":{"line":19,"column":67}},"loc":{"start":{"line":19,"column":100},"end":{"line":37,"column":1}},"line":19},"2":{"name":"(anonymous_2)","decl":{"start":{"line":40,"column":34},"end":{"line":40,"column":35}},"loc":{"start":{"line":40,"column":68},"end":{"line":51,"column":1}},"line":40}},"branchMap":{},"s":{"0":1,"1":1,"2":1,"3":1,"4":1,"5":1,"6":1,"7":1,"8":1,"9":1,"10":0,"11":0,"12":1,"13":0,"14":0,"15":0,"16":0,"17":0,"18":0,"19":0,"20":1,"21":0,"22":0,"23":0,"24":0,"25":0,"26":0,"27":0,"28":1},"f":{"0":0,"1":0,"2":0},"b":{},"_coverageSchema":"1a1c01bbd47fc00a2c39e90264f33305004495a9","hash":"35b3e10321c969354d08e62c6bfb07fa2fecf549"}
,"/Users/Phuong/Documents/CA_bootcamp/Advanced_application/MERN-Project/Backend/src/controllers/RoomChatController.js": {"path":"/Users/Phuong/Documents/CA_bootcamp/Advanced_application/MERN-Project/Backend/src/controllers/RoomChatController.js","statementMap":{"0":{"start":{"line":1,"column":13},"end":{"line":1,"column":28}},"1":{"start":{"line":2,"column":16},"end":{"line":2,"column":34}},"2":{"start":{"line":3,"column":17},"end":{"line":3,"column":36}},"3":{"start":{"line":4,"column":26},"end":{"line":4,"column":66}},"4":{"start":{"line":5,"column":22},"end":{"line":5,"column":58}},"5":{"start":{"line":6,"column":23},"end":{"line":6,"column":66}},"6":{"start":{"line":7,"column":25},"end":{"line":7,"column":69}},"7":{"start":{"line":8,"column":25},"end":{"line":8,"column":64}},"8":{"start":{"line":9,"column":15},"end":{"line":9,"column":31}},"9":{"start":{"line":12,"column":0},"end":{"line":63,"column":3}},"10":{"start":{"line":16,"column":15},"end":{"line":16,"column":40}},"11":{"start":{"line":19,"column":2},"end":{"line":21,"column":3}},"12":{"start":{"line":20,"column":4},"end":{"line":20,"column":39}},"13":{"start":{"line":24,"column":15},"end":{"line":24,"column":54}},"14":{"start":{"line":26,"column":2},"end":{"line":26,"column":34}},"15":{"start":{"line":28,"column":2},"end":{"line":62,"column":3}},"16":{"start":{"line":30,"column":31},"end":{"line":30,"column":55}},"17":{"start":{"line":31,"column":23},"end":{"line":31,"column":32}},"18":{"start":{"line":34,"column":4},"end":{"line":48,"column":5}},"19":{"start":{"line":34,"column":16},"end":{"line":34,"column":17}},"20":{"start":{"line":37,"column":27},"end":{"line":37,"column":83}},"21":{"start":{"line":38,"column":6},"end":{"line":47,"column":7}},"22":{"start":{"line":39,"column":9},"end":{"line":39,"column":51}},"23":{"start":{"line":42,"column":8},"end":{"line":44,"column":9}},"24":{"start":{"line":43,"column":10},"end":{"line":43,"column":18}},"25":{"start":{"line":46,"column":8},"end":{"line":46,"column":50}},"26":{"start":{"line":51,"column":4},"end":{"line":55,"column":7}},"27":{"start":{"line":56,"column":4},"end":{"line":56,"column":25}},"28":{"start":{"line":57,"column":4},"end":{"line":57,"column":27}},"29":{"start":{"line":58,"column":4},"end":{"line":58,"column":11}},"30":{"start":{"line":61,"column":4},"end":{"line":61,"column":34}},"31":{"start":{"line":66,"column":0},"end":{"line":83,"column":3}},"32":{"start":{"line":74,"column":2},"end":{"line":81,"column":3}},"33":{"start":{"line":76,"column":4},"end":{"line":78,"column":6}},"34":{"start":{"line":80,"column":4},"end":{"line":80,"column":16}},"35":{"start":{"line":93,"column":0},"end":{"line":100,"column":3}},"36":{"start":{"line":97,"column":16},"end":{"line":97,"column":42}},"37":{"start":{"line":98,"column":19},"end":{"line":98,"column":44}},"38":{"start":{"line":99,"column":4},"end":{"line":99,"column":80}},"39":{"start":{"line":108,"column":0},"end":{"line":111,"column":3}},"40":{"start":{"line":110,"column":4},"end":{"line":110,"column":74}},"41":{"start":{"line":116,"column":0},"end":{"line":129,"column":3}},"42":{"start":{"line":120,"column":2},"end":{"line":128,"column":5}},"43":{"start":{"line":121,"column":21},"end":{"line":121,"column":38}},"44":{"start":{"line":122,"column":4},"end":{"line":122,"column":127}},"45":{"start":{"line":123,"column":4},"end":{"line":123,"column":28}},"46":{"start":{"line":124,"column":4},"end":{"line":124,"column":30}},"47":{"start":{"line":125,"column":4},"end":{"line":125,"column":11}},"48":{"start":{"line":127,"column":6},"end":{"line":127,"column":48}},"49":{"start":{"line":132,"column":0},"end":{"line":149,"column":3}},"50":{"start":{"line":136,"column":4},"end":{"line":148,"column":3}},"51":{"start":{"line":137,"column":6},"end":{"line":137,"column":90}},"52":{"start":{"line":138,"column":6},"end":{"line":145,"column":7}},"53":{"start":{"line":139,"column":6},"end":{"line":142,"column":9}},"54":{"start":{"line":144,"column":8},"end":{"line":144,"column":49}},"55":{"start":{"line":147,"column":4},"end":{"line":147,"column":52}},"56":{"start":{"line":163,"column":0},"end":{"line":163,"column":24}}},"fnMap":{"0":{"name":"(anonymous_0)","decl":{"start":{"line":14,"column":2},"end":{"line":14,"column":3}},"loc":{"start":{"line":14,"column":37},"end":{"line":63,"column":1}},"line":14},"1":{"name":"(anonymous_1)","decl":{"start":{"line":69,"column":2},"end":{"line":69,"column":3}},"loc":{"start":{"line":69,"column":37},"end":{"line":83,"column":1}},"line":69},"2":{"name":"(anonymous_2)","decl":{"start":{"line":96,"column":2},"end":{"line":96,"column":3}},"loc":{"start":{"line":96,"column":38},"end":{"line":100,"column":1}},"line":96},"3":{"name":"(anonymous_3)","decl":{"start":{"line":109,"column":2},"end":{"line":109,"column":3}},"loc":{"start":{"line":109,"column":38},"end":{"line":111,"column":1}},"line":109},"4":{"name":"(anonymous_4)","decl":{"start":{"line":119,"column":2},"end":{"line":119,"column":3}},"loc":{"start":{"line":119,"column":37},"end":{"line":129,"column":1}},"line":119},"5":{"name":"(anonymous_5)","decl":{"start":{"line":135,"column":2},"end":{"line":135,"column":3}},"loc":{"start":{"line":135,"column":37},"end":{"line":149,"column":1}},"line":135}},"branchMap":{"0":{"loc":{"start":{"line":19,"column":2},"end":{"line":21,"column":3}},"type":"if","locations":[{"start":{"line":19,"column":2},"end":{"line":21,"column":3}},{"start":{},"end":{}}],"line":19},"1":{"loc":{"start":{"line":38,"column":6},"end":{"line":47,"column":7}},"type":"if","locations":[{"start":{"line":38,"column":6},"end":{"line":47,"column":7}},{"start":{"line":40,"column":12},"end":{"line":47,"column":7}}],"line":38},"2":{"loc":{"start":{"line":42,"column":8},"end":{"line":44,"column":9}},"type":"if","locations":[{"start":{"line":42,"column":8},"end":{"line":44,"column":9}},{"start":{},"end":{}}],"line":42},"3":{"loc":{"start":{"line":138,"column":6},"end":{"line":145,"column":7}},"type":"if","locations":[{"start":{"line":138,"column":6},"end":{"line":145,"column":7}},{"start":{"line":143,"column":13},"end":{"line":145,"column":7}}],"line":138}},"s":{"0":1,"1":1,"2":1,"3":1,"4":1,"5":1,"6":1,"7":1,"8":1,"9":1,"10":0,"11":0,"12":0,"13":0,"14":0,"15":0,"16":0,"17":0,"18":0,"19":0,"20":0,"21":0,"22":0,"23":0,"24":0,"25":0,"26":0,"27":0,"28":0,"29":0,"30":0,"31":1,"32":0,"33":0,"34":0,"35":1,"36":0,"37":0,"38":0,"39":1,"40":0,"41":1,"42":0,"43":0,"44":0,"45":0,"46":0,"47":0,"48":0,"49":1,"50":0,"51":0,"52":0,"53":0,"54":0,"55":0,"56":1},"f":{"0":0,"1":0,"2":0,"3":0,"4":0,"5":0},"b":{"0":[0,0],"1":[0,0],"2":[0,0],"3":[0,0]},"_coverageSchema":"1a1c01bbd47fc00a2c39e90264f33305004495a9","hash":"30102a1e056a0ee8e91f29aa68581b699723442e"}
,"/Users/Phuong/Documents/CA_bootcamp/Advanced_application/MERN-Project/Backend/src/controllers/UserController.js": {"path":"/Users/Phuong/Documents/CA_bootcamp/Advanced_application/MERN-Project/Backend/src/controllers/UserController.js","statementMap":{"0":{"start":{"line":1,"column":16},"end":{"line":1,"column":34}},"1":{"start":{"line":2,"column":22},"end":{"line":2,"column":58}},"2":{"start":{"line":3,"column":85},"end":{"line":3,"column":128}},"3":{"start":{"line":4,"column":24},"end":{"line":4,"column":61}},"4":{"start":{"line":5,"column":25},"end":{"line":5,"column":64}},"5":{"start":{"line":6,"column":15},"end":{"line":6,"column":31}},"6":{"start":{"line":10,"column":0},"end":{"line":35,"column":3}},"7":{"start":{"line":11,"column":2},"end":{"line":34,"column":8}},"8":{"start":{"line":12,"column":4},"end":{"line":12,"column":43}},"9":{"start":{"line":14,"column":6},"end":{"line":34,"column":7}},"10":{"start":{"line":15,"column":26},"end":{"line":15,"column":43}},"11":{"start":{"line":16,"column":22},"end":{"line":20,"column":10}},"12":{"start":{"line":21,"column":8},"end":{"line":21,"column":29}},"13":{"start":{"line":24,"column":18},"end":{"line":24,"column":38}},"14":{"start":{"line":26,"column":8},"end":{"line":29,"column":9}},"15":{"start":{"line":30,"column":8},"end":{"line":30,"column":15}},"16":{"start":{"line":33,"column":10},"end":{"line":33,"column":40}},"17":{"start":{"line":39,"column":0},"end":{"line":48,"column":3}},"18":{"start":{"line":44,"column":4},"end":{"line":47,"column":4}},"19":{"start":{"line":50,"column":0},"end":{"line":52,"column":3}},"20":{"start":{"line":51,"column":2},"end":{"line":51,"column":49}},"21":{"start":{"line":56,"column":0},"end":{"line":70,"column":3}},"22":{"start":{"line":61,"column":4},"end":{"line":69,"column":7}},"23":{"start":{"line":62,"column":23},"end":{"line":62,"column":40}},"24":{"start":{"line":63,"column":6},"end":{"line":63,"column":127}},"25":{"start":{"line":64,"column":6},"end":{"line":64,"column":30}},"26":{"start":{"line":65,"column":6},"end":{"line":65,"column":32}},"27":{"start":{"line":66,"column":6},"end":{"line":66,"column":13}},"28":{"start":{"line":68,"column":8},"end":{"line":68,"column":50}},"29":{"start":{"line":82,"column":0},"end":{"line":99,"column":3}},"30":{"start":{"line":85,"column":4},"end":{"line":98,"column":3}},"31":{"start":{"line":86,"column":6},"end":{"line":86,"column":88}},"32":{"start":{"line":87,"column":6},"end":{"line":87,"column":87}},"33":{"start":{"line":88,"column":6},"end":{"line":95,"column":7}},"34":{"start":{"line":89,"column":6},"end":{"line":92,"column":9}},"35":{"start":{"line":94,"column":8},"end":{"line":94,"column":49}},"36":{"start":{"line":97,"column":4},"end":{"line":97,"column":52}},"37":{"start":{"line":101,"column":0},"end":{"line":101,"column":24}}},"fnMap":{"0":{"name":"(anonymous_0)","decl":{"start":{"line":10,"column":47},"end":{"line":10,"column":48}},"loc":{"start":{"line":10,"column":81},"end":{"line":35,"column":1}},"line":10},"1":{"name":"(anonymous_1)","decl":{"start":{"line":43,"column":2},"end":{"line":43,"column":3}},"loc":{"start":{"line":43,"column":31},"end":{"line":48,"column":1}},"line":43},"2":{"name":"(anonymous_2)","decl":{"start":{"line":50,"column":31},"end":{"line":50,"column":32}},"loc":{"start":{"line":50,"column":60},"end":{"line":52,"column":1}},"line":50},"3":{"name":"(anonymous_3)","decl":{"start":{"line":59,"column":2},"end":{"line":59,"column":3}},"loc":{"start":{"line":59,"column":36},"end":{"line":70,"column":1}},"line":59},"4":{"name":"(anonymous_4)","decl":{"start":{"line":84,"column":2},"end":{"line":84,"column":3}},"loc":{"start":{"line":84,"column":36},"end":{"line":99,"column":1}},"line":84}},"branchMap":{"0":{"loc":{"start":{"line":11,"column":2},"end":{"line":34,"column":8}},"type":"if","locations":[{"start":{"line":11,"column":2},"end":{"line":34,"column":8}},{"start":{"line":13,"column":11},"end":{"line":34,"column":8}}],"line":11},"1":{"loc":{"start":{"line":88,"column":6},"end":{"line":95,"column":7}},"type":"if","locations":[{"start":{"line":88,"column":6},"end":{"line":95,"column":7}},{"start":{"line":93,"column":13},"end":{"line":95,"column":7}}],"line":88}},"s":{"0":1,"1":1,"2":1,"3":1,"4":1,"5":1,"6":1,"7":0,"8":0,"9":0,"10":0,"11":0,"12":0,"13":0,"14":0,"15":0,"16":0,"17":1,"18":0,"19":1,"20":0,"21":1,"22":0,"23":0,"24":0,"25":0,"26":0,"27":0,"28":0,"29":1,"30":0,"31":0,"32":0,"33":0,"34":0,"35":0,"36":0,"37":1},"f":{"0":0,"1":0,"2":0,"3":0,"4":0},"b":{"0":[0,0],"1":[0,0]},"_coverageSchema":"1a1c01bbd47fc00a2c39e90264f33305004495a9","hash":"8f92a1696aac5912520f30d56e22cfd32cf52332"}
,"/Users/Phuong/Documents/CA_bootcamp/Advanced_application/MERN-Project/Backend/src/database/entities/BlackListJwt.js": {"path":"/Users/Phuong/Documents/CA_bootcamp/Advanced_application/MERN-Project/Backend/src/database/entities/BlackListJwt.js","statementMap":{"0":{"start":{"line":1,"column":30},"end":{"line":1,"column":49}},"1":{"start":{"line":3,"column":22},"end":{"line":7,"column":1}},"2":{"start":{"line":9,"column":23},"end":{"line":9,"column":67}},"3":{"start":{"line":11,"column":0},"end":{"line":13,"column":2}}},"fnMap":{},"branchMap":{},"s":{"0":1,"1":1,"2":1,"3":1},"f":{},"b":{},"_coverageSchema":"1a1c01bbd47fc00a2c39e90264f33305004495a9","hash":"056720152e212e74361b91dae814ae3f82ac97c3"}
,"/Users/Phuong/Documents/CA_bootcamp/Advanced_application/MERN-Project/Backend/src/database/entities/Connection.js": {"path":"/Users/Phuong/Documents/CA_bootcamp/Advanced_application/MERN-Project/Backend/src/database/entities/Connection.js","statementMap":{"0":{"start":{"line":1,"column":30},"end":{"line":1,"column":49}},"1":{"start":{"line":2,"column":18},"end":{"line":2,"column":38}},"2":{"start":{"line":4,"column":23},"end":{"line":30,"column":1}},"3":{"start":{"line":20,"column":8},"end":{"line":20,"column":59}},"4":{"start":{"line":32,"column":24},"end":{"line":32,"column":70}},"5":{"start":{"line":34,"column":0},"end":{"line":36,"column":2}}},"fnMap":{"0":{"name":"(anonymous_0)","decl":{"start":{"line":19,"column":17},"end":{"line":19,"column":18}},"loc":{"start":{"line":19,"column":37},"end":{"line":21,"column":7}},"line":19}},"branchMap":{},"s":{"0":1,"1":1,"2":1,"3":0,"4":1,"5":1},"f":{"0":0},"b":{},"_coverageSchema":"1a1c01bbd47fc00a2c39e90264f33305004495a9","hash":"36a37c9a8b3372aed8c04bad31abc27397da7120"}
,"/Users/Phuong/Documents/CA_bootcamp/Advanced_application/MERN-Project/Backend/src/database/entities/Message.js": {"path":"/Users/Phuong/Documents/CA_bootcamp/Advanced_application/MERN-Project/Backend/src/database/entities/Message.js","statementMap":{"0":{"start":{"line":1,"column":30},"end":{"line":1,"column":49}},"1":{"start":{"line":2,"column":18},"end":{"line":2,"column":38}},"2":{"start":{"line":4,"column":20},"end":{"line":30,"column":1}},"3":{"start":{"line":23,"column":10},"end":{"line":23,"column":67}},"4":{"start":{"line":32,"column":21},"end":{"line":32,"column":61}},"5":{"start":{"line":34,"column":0},"end":{"line":36,"column":2}}},"fnMap":{"0":{"name":"(anonymous_0)","decl":{"start":{"line":22,"column":19},"end":{"line":22,"column":20}},"loc":{"start":{"line":22,"column":39},"end":{"line":24,"column":7}},"line":22}},"branchMap":{},"s":{"0":1,"1":1,"2":1,"3":0,"4":1,"5":1},"f":{"0":0},"b":{},"_coverageSchema":"1a1c01bbd47fc00a2c39e90264f33305004495a9","hash":"7b9bc6c8bc614ec4bb7800ef72c82d3f33f1fa7b"}
,"/Users/Phuong/Documents/CA_bootcamp/Advanced_application/MERN-Project/Backend/src/database/entities/Profile.js": {"path":"/Users/Phuong/Documents/CA_bootcamp/Advanced_application/MERN-Project/Backend/src/database/entities/Profile.js","statementMap":{"0":{"start":{"line":1,"column":30},"end":{"line":1,"column":49}},"1":{"start":{"line":4,"column":20},"end":{"line":26,"column":1}},"2":{"start":{"line":28,"column":21},"end":{"line":28,"column":61}},"3":{"start":{"line":30,"column":0},"end":{"line":32,"column":1}}},"fnMap":{},"branchMap":{},"s":{"0":2,"1":2,"2":2,"3":2},"f":{},"b":{},"_coverageSchema":"1a1c01bbd47fc00a2c39e90264f33305004495a9","hash":"b435520b907975f7b73e5a1dc96e02e7bbcc3338"}
,"/Users/Phuong/Documents/CA_bootcamp/Advanced_application/MERN-Project/Backend/src/database/entities/RoomChat.js": {"path":"/Users/Phuong/Documents/CA_bootcamp/Advanced_application/MERN-Project/Backend/src/database/entities/RoomChat.js","statementMap":{"0":{"start":{"line":1,"column":30},"end":{"line":1,"column":49}},"1":{"start":{"line":2,"column":18},"end":{"line":2,"column":38}},"2":{"start":{"line":4,"column":21},"end":{"line":25,"column":1}},"3":{"start":{"line":19,"column":8},"end":{"line":19,"column":55}},"4":{"start":{"line":27,"column":0},"end":{"line":35,"column":2}},"5":{"start":{"line":28,"column":2},"end":{"line":32,"column":3}},"6":{"start":{"line":29,"column":4},"end":{"line":29,"column":24}},"7":{"start":{"line":31,"column":4},"end":{"line":31,"column":23}},"8":{"start":{"line":34,"column":2},"end":{"line":34,"column":9}},"9":{"start":{"line":37,"column":22},"end":{"line":37,"column":64}},"10":{"start":{"line":39,"column":0},"end":{"line":41,"column":2}}},"fnMap":{"0":{"name":"(anonymous_0)","decl":{"start":{"line":18,"column":17},"end":{"line":18,"column":18}},"loc":{"start":{"line":18,"column":37},"end":{"line":20,"column":7}},"line":18},"1":{"name":"(anonymous_1)","decl":{"start":{"line":27,"column":27},"end":{"line":27,"column":28}},"loc":{"start":{"line":27,"column":42},"end":{"line":35,"column":1}},"line":27}},"branchMap":{"0":{"loc":{"start":{"line":28,"column":2},"end":{"line":32,"column":3}},"type":"if","locations":[{"start":{"line":28,"column":2},"end":{"line":32,"column":3}},{"start":{"line":30,"column":7},"end":{"line":32,"column":3}}],"line":28},"1":{"loc":{"start":{"line":28,"column":6},"end":{"line":28,"column":57}},"type":"binary-expr","locations":[{"start":{"line":28,"column":6},"end":{"line":28,"column":23}},{"start":{"line":28,"column":27},"end":{"line":28,"column":57}}],"line":28}},"s":{"0":2,"1":2,"2":2,"3":0,"4":2,"5":0,"6":0,"7":0,"8":0,"9":2,"10":2},"f":{"0":0,"1":0},"b":{"0":[0,0],"1":[0,0]},"_coverageSchema":"1a1c01bbd47fc00a2c39e90264f33305004495a9","hash":"78fced5beb32defe8b9a7d838ad3a15a83ec1e91"}
,"/Users/Phuong/Documents/CA_bootcamp/Advanced_application/MERN-Project/Backend/src/database/entities/User.js": {"path":"/Users/Phuong/Documents/CA_bootcamp/Advanced_application/MERN-Project/Backend/src/database/entities/User.js","statementMap":{"0":{"start":{"line":1,"column":30},"end":{"line":1,"column":49}},"1":{"start":{"line":2,"column":18},"end":{"line":2,"column":38}},"2":{"start":{"line":3,"column":25},"end":{"line":3,"column":45}},"3":{"start":{"line":4,"column":15},"end":{"line":4,"column":37}},"4":{"start":{"line":6,"column":17},"end":{"line":62,"column":2}},"5":{"start":{"line":13,"column":8},"end":{"line":13,"column":42}},"6":{"start":{"line":15,"column":33},"end":{"line":15,"column":80}},"7":{"start":{"line":32,"column":33},"end":{"line":45,"column":6}},"8":{"start":{"line":46,"column":5},"end":{"line":46,"column":75}},"9":{"start":{"line":48,"column":31},"end":{"line":48,"column":107}},"10":{"start":{"line":59,"column":3},"end":{"line":59,"column":49}},"11":{"start":{"line":64,"column":0},"end":{"line":81,"column":2}},"12":{"start":{"line":67,"column":2},"end":{"line":71,"column":3}},"13":{"start":{"line":69,"column":3},"end":{"line":69,"column":54}},"14":{"start":{"line":74,"column":2},"end":{"line":74,"column":50}},"15":{"start":{"line":74,"column":36},"end":{"line":74,"column":50}},"16":{"start":{"line":77,"column":2},"end":{"line":77,"column":82}},"17":{"start":{"line":79,"column":2},"end":{"line":79,"column":9}},"18":{"start":{"line":85,"column":0},"end":{"line":87,"column":1}},"19":{"start":{"line":86,"column":1},"end":{"line":86,"column":91}},"20":{"start":{"line":89,"column":18},"end":{"line":89,"column":52}},"21":{"start":{"line":91,"column":0},"end":{"line":93,"column":1}}},"fnMap":{"0":{"name":"(anonymous_0)","decl":{"start":{"line":12,"column":17},"end":{"line":12,"column":18}},"loc":{"start":{"line":12,"column":36},"end":{"line":14,"column":7}},"line":12},"1":{"name":"(anonymous_1)","decl":{"start":{"line":15,"column":15},"end":{"line":15,"column":16}},"loc":{"start":{"line":15,"column":33},"end":{"line":15,"column":80}},"line":15},"2":{"name":"(anonymous_2)","decl":{"start":{"line":31,"column":15},"end":{"line":31,"column":16}},"loc":{"start":{"line":31,"column":38},"end":{"line":47,"column":5}},"line":31},"3":{"name":"(anonymous_3)","decl":{"start":{"line":48,"column":13},"end":{"line":48,"column":14}},"loc":{"start":{"line":48,"column":31},"end":{"line":48,"column":107}},"line":48},"4":{"name":"(anonymous_4)","decl":{"start":{"line":58,"column":11},"end":{"line":58,"column":12}},"loc":{"start":{"line":58,"column":23},"end":{"line":60,"column":3}},"line":58},"5":{"name":"(anonymous_5)","decl":{"start":{"line":66,"column":1},"end":{"line":66,"column":2}},"loc":{"start":{"line":66,"column":23},"end":{"line":80,"column":2}},"line":66},"6":{"name":"(anonymous_6)","decl":{"start":{"line":85,"column":40},"end":{"line":85,"column":41}},"loc":{"start":{"line":85,"column":73},"end":{"line":87,"column":1}},"line":85}},"branchMap":{"0":{"loc":{"start":{"line":67,"column":2},"end":{"line":71,"column":3}},"type":"if","locations":[{"start":{"line":67,"column":2},"end":{"line":71,"column":3}},{"start":{},"end":{}}],"line":67},"1":{"loc":{"start":{"line":74,"column":2},"end":{"line":74,"column":50}},"type":"if","locations":[{"start":{"line":74,"column":2},"end":{"line":74,"column":50}},{"start":{},"end":{}}],"line":74}},"s":{"0":2,"1":2,"2":2,"3":2,"4":2,"5":0,"6":0,"7":0,"8":0,"9":0,"10":0,"11":2,"12":0,"13":0,"14":0,"15":0,"16":0,"17":0,"18":2,"19":0,"20":2,"21":2},"f":{"0":0,"1":0,"2":0,"3":0,"4":0,"5":0,"6":0},"b":{"0":[0,0],"1":[0,0]},"_coverageSchema":"1a1c01bbd47fc00a2c39e90264f33305004495a9","hash":"c6ee47eac691ab2e9d604ea093fee958046c3ceb"}
,"/Users/Phuong/Documents/CA_bootcamp/Advanced_application/MERN-Project/Backend/src/middleware/ConnectionValidation.js": {"path":"/Users/Phuong/Documents/CA_bootcamp/Advanced_application/MERN-Project/Backend/src/middleware/ConnectionValidation.js","statementMap":{"0":{"start":{"line":1,"column":28},"end":{"line":1,"column":70}},"1":{"start":{"line":2,"column":22},"end":{"line":2,"column":58}},"2":{"start":{"line":6,"column":2},"end":{"line":36,"column":5}},"3":{"start":{"line":7,"column":26},"end":{"line":7,"column":52}},"4":{"start":{"line":9,"column":4},"end":{"line":11,"column":5}},"5":{"start":{"line":10,"column":6},"end":{"line":10,"column":48}},"6":{"start":{"line":13,"column":21},"end":{"line":13,"column":67}},"7":{"start":{"line":15,"column":4},"end":{"line":17,"column":5}},"8":{"start":{"line":16,"column":6},"end":{"line":16,"column":51}},"9":{"start":{"line":20,"column":27},"end":{"line":25,"column":15}},"10":{"start":{"line":27,"column":4},"end":{"line":29,"column":5}},"11":{"start":{"line":28,"column":6},"end":{"line":28,"column":70}},"12":{"start":{"line":30,"column":4},"end":{"line":30,"column":33}},"13":{"start":{"line":32,"column":4},"end":{"line":32,"column":10}},"14":{"start":{"line":35,"column":8},"end":{"line":35,"column":38}},"15":{"start":{"line":39,"column":0},"end":{"line":41,"column":1}}},"fnMap":{"0":{"name":"viewAllConnection","decl":{"start":{"line":5,"column":15},"end":{"line":5,"column":32}},"loc":{"start":{"line":5,"column":58},"end":{"line":37,"column":1}},"line":5}},"branchMap":{"0":{"loc":{"start":{"line":9,"column":4},"end":{"line":11,"column":5}},"type":"if","locations":[{"start":{"line":9,"column":4},"end":{"line":11,"column":5}},{"start":{},"end":{}}],"line":9},"1":{"loc":{"start":{"line":15,"column":4},"end":{"line":17,"column":5}},"type":"if","locations":[{"start":{"line":15,"column":4},"end":{"line":17,"column":5}},{"start":{},"end":{}}],"line":15},"2":{"loc":{"start":{"line":27,"column":4},"end":{"line":29,"column":5}},"type":"if","locations":[{"start":{"line":27,"column":4},"end":{"line":29,"column":5}},{"start":{},"end":{}}],"line":27}},"s":{"0":1,"1":1,"2":0,"3":0,"4":0,"5":0,"6":0,"7":0,"8":0,"9":0,"10":0,"11":0,"12":0,"13":0,"14":0,"15":1},"f":{"0":0},"b":{"0":[0,0],"1":[0,0],"2":[0,0]},"_coverageSchema":"1a1c01bbd47fc00a2c39e90264f33305004495a9","hash":"439cc15ceae71b61c2dcf924d946ab46bd1960fc"}
,"/Users/Phuong/Documents/CA_bootcamp/Advanced_application/MERN-Project/Backend/src/middleware/RoomChatValidations.js": {"path":"/Users/Phuong/Documents/CA_bootcamp/Advanced_application/MERN-Project/Backend/src/middleware/RoomChatValidations.js","statementMap":{"0":{"start":{"line":1,"column":22},"end":{"line":1,"column":58}},"1":{"start":{"line":2,"column":26},"end":{"line":2,"column":66}},"2":{"start":{"line":5,"column":4},"end":{"line":43,"column":5}},"3":{"start":{"line":6,"column":23},"end":{"line":6,"column":49}},"4":{"start":{"line":8,"column":8},"end":{"line":10,"column":9}},"5":{"start":{"line":9,"column":12},"end":{"line":9,"column":54}},"6":{"start":{"line":12,"column":25},"end":{"line":12,"column":64}},"7":{"start":{"line":14,"column":8},"end":{"line":16,"column":9}},"8":{"start":{"line":15,"column":12},"end":{"line":15,"column":57}},"9":{"start":{"line":19,"column":23},"end":{"line":19,"column":48}},"10":{"start":{"line":21,"column":8},"end":{"line":23,"column":9}},"11":{"start":{"line":22,"column":12},"end":{"line":22,"column":55}},"12":{"start":{"line":25,"column":25},"end":{"line":25,"column":110}},"13":{"start":{"line":27,"column":8},"end":{"line":29,"column":9}},"14":{"start":{"line":28,"column":12},"end":{"line":28,"column":54}},"15":{"start":{"line":32,"column":30},"end":{"line":34,"column":9}},"16":{"start":{"line":33,"column":18},"end":{"line":33,"column":76}},"17":{"start":{"line":37,"column":8},"end":{"line":39,"column":9}},"18":{"start":{"line":38,"column":12},"end":{"line":38,"column":62}},"19":{"start":{"line":42,"column":8},"end":{"line":42,"column":38}},"20":{"start":{"line":45,"column":4},"end":{"line":45,"column":10}},"21":{"start":{"line":48,"column":2},"end":{"line":50,"column":3}}},"fnMap":{"0":{"name":"canViewRoom","decl":{"start":{"line":4,"column":15},"end":{"line":4,"column":26}},"loc":{"start":{"line":4,"column":52},"end":{"line":46,"column":1}},"line":4},"1":{"name":"(anonymous_1)","decl":{"start":{"line":33,"column":12},"end":{"line":33,"column":13}},"loc":{"start":{"line":33,"column":18},"end":{"line":33,"column":76}},"line":33}},"branchMap":{"0":{"loc":{"start":{"line":8,"column":8},"end":{"line":10,"column":9}},"type":"if","locations":[{"start":{"line":8,"column":8},"end":{"line":10,"column":9}},{"start":{},"end":{}}],"line":8},"1":{"loc":{"start":{"line":14,"column":8},"end":{"line":16,"column":9}},"type":"if","locations":[{"start":{"line":14,"column":8},"end":{"line":16,"column":9}},{"start":{},"end":{}}],"line":14},"2":{"loc":{"start":{"line":21,"column":8},"end":{"line":23,"column":9}},"type":"if","locations":[{"start":{"line":21,"column":8},"end":{"line":23,"column":9}},{"start":{},"end":{}}],"line":21},"3":{"loc":{"start":{"line":27,"column":8},"end":{"line":29,"column":9}},"type":"if","locations":[{"start":{"line":27,"column":8},"end":{"line":29,"column":9}},{"start":{},"end":{}}],"line":27},"4":{"loc":{"start":{"line":33,"column":18},"end":{"line":33,"column":76}},"type":"cond-expr","locations":[{"start":{"line":33,"column":29},"end":{"line":33,"column":45}},{"start":{"line":33,"column":48},"end":{"line":33,"column":76}}],"line":33},"5":{"loc":{"start":{"line":37,"column":8},"end":{"line":39,"column":9}},"type":"if","locations":[{"start":{"line":37,"column":8},"end":{"line":39,"column":9}},{"start":{},"end":{}}],"line":37},"6":{"loc":{"start":{"line":37,"column":12},"end":{"line":37,"column":81}},"type":"binary-expr","locations":[{"start":{"line":37,"column":12},"end":{"line":37,"column":26}},{"start":{"line":37,"column":31},"end":{"line":37,"column":53}},{"start":{"line":37,"column":57},"end":{"line":37,"column":80}}],"line":37}},"s":{"0":1,"1":1,"2":0,"3":0,"4":0,"5":0,"6":0,"7":0,"8":0,"9":0,"10":0,"11":0,"12":0,"13":0,"14":0,"15":0,"16":0,"17":0,"18":0,"19":0,"20":0,"21":1},"f":{"0":0,"1":0},"b":{"0":[0,0],"1":[0,0],"2":[0,0],"3":[0,0],"4":[0,0],"5":[0,0],"6":[0,0,0]},"_coverageSchema":"1a1c01bbd47fc00a2c39e90264f33305004495a9","hash":"879e595414a1798164fc7d122137d5d6b7dabf7a"}
,"/Users/Phuong/Documents/CA_bootcamp/Advanced_application/MERN-Project/Backend/src/middleware/UserCRUDValidation.js": {"path":"/Users/Phuong/Documents/CA_bootcamp/Advanced_application/MERN-Project/Backend/src/middleware/UserCRUDValidation.js","statementMap":{"0":{"start":{"line":1,"column":27},"end":{"line":1,"column":71}},"1":{"start":{"line":2,"column":22},"end":{"line":2,"column":58}},"2":{"start":{"line":3,"column":36},"end":{"line":3,"column":61}},"3":{"start":{"line":10,"column":19},"end":{"line":10,"column":59}},"4":{"start":{"line":13,"column":2},"end":{"line":15,"column":3}},"5":{"start":{"line":14,"column":4},"end":{"line":14,"column":49}},"6":{"start":{"line":18,"column":2},"end":{"line":20,"column":3}},"7":{"start":{"line":19,"column":4},"end":{"line":19,"column":48}},"8":{"start":{"line":23,"column":20},"end":{"line":23,"column":71}},"9":{"start":{"line":26,"column":23},"end":{"line":26,"column":48}},"10":{"start":{"line":27,"column":2},"end":{"line":27,"column":76}},"11":{"start":{"line":28,"column":2},"end":{"line":28,"column":80}},"12":{"start":{"line":31,"column":17},"end":{"line":31,"column":71}},"13":{"start":{"line":33,"column":1},"end":{"line":35,"column":2}},"14":{"start":{"line":34,"column":2},"end":{"line":34,"column":67}},"15":{"start":{"line":38,"column":25},"end":{"line":38,"column":84}},"16":{"start":{"line":39,"column":1},"end":{"line":42,"column":2}},"17":{"start":{"line":41,"column":2},"end":{"line":41,"column":65}},"18":{"start":{"line":45,"column":1},"end":{"line":49,"column":2}},"19":{"start":{"line":52,"column":2},"end":{"line":52,"column":9}},"20":{"start":{"line":62,"column":1},"end":{"line":64,"column":2}},"21":{"start":{"line":63,"column":2},"end":{"line":63,"column":109}},"22":{"start":{"line":67,"column":14},"end":{"line":67,"column":54}},"23":{"start":{"line":70,"column":1},"end":{"line":73,"column":2}},"24":{"start":{"line":76,"column":1},"end":{"line":76,"column":8}},"25":{"start":{"line":82,"column":19},"end":{"line":82,"column":59}},"26":{"start":{"line":85,"column":2},"end":{"line":87,"column":3}},"27":{"start":{"line":86,"column":4},"end":{"line":86,"column":49}},"28":{"start":{"line":90,"column":2},"end":{"line":92,"column":3}},"29":{"start":{"line":91,"column":4},"end":{"line":91,"column":48}},"30":{"start":{"line":94,"column":1},"end":{"line":129,"column":2}},"31":{"start":{"line":96,"column":32},"end":{"line":96,"column":61}},"32":{"start":{"line":99,"column":4},"end":{"line":99,"column":76}},"33":{"start":{"line":101,"column":4},"end":{"line":103,"column":5}},"34":{"start":{"line":102,"column":6},"end":{"line":102,"column":73}},"35":{"start":{"line":108,"column":19},"end":{"line":108,"column":65}},"36":{"start":{"line":112,"column":2},"end":{"line":117,"column":3}},"37":{"start":{"line":120,"column":2},"end":{"line":120,"column":9}},"38":{"start":{"line":124,"column":2},"end":{"line":128,"column":3}},"39":{"start":{"line":125,"column":3},"end":{"line":125,"column":67}},"40":{"start":{"line":127,"column":3},"end":{"line":127,"column":33}},"41":{"start":{"line":133,"column":19},"end":{"line":133,"column":59}},"42":{"start":{"line":136,"column":2},"end":{"line":138,"column":3}},"43":{"start":{"line":137,"column":4},"end":{"line":137,"column":49}},"44":{"start":{"line":141,"column":2},"end":{"line":143,"column":3}},"45":{"start":{"line":142,"column":4},"end":{"line":142,"column":48}},"46":{"start":{"line":144,"column":2},"end":{"line":153,"column":3}},"47":{"start":{"line":146,"column":2},"end":{"line":146,"column":40}},"48":{"start":{"line":148,"column":4},"end":{"line":148,"column":67}},"49":{"start":{"line":149,"column":4},"end":{"line":149,"column":11}},"50":{"start":{"line":152,"column":4},"end":{"line":152,"column":33}},"51":{"start":{"line":158,"column":15},"end":{"line":158,"column":17}},"52":{"start":{"line":160,"column":2},"end":{"line":168,"column":3}},"53":{"start":{"line":161,"column":22},"end":{"line":161,"column":64}},"54":{"start":{"line":162,"column":23},"end":{"line":162,"column":80}},"55":{"start":{"line":163,"column":4},"end":{"line":165,"column":5}},"56":{"start":{"line":164,"column":6},"end":{"line":164,"column":78}},"57":{"start":{"line":167,"column":4},"end":{"line":167,"column":36}},"58":{"start":{"line":170,"column":2},"end":{"line":178,"column":3}},"59":{"start":{"line":171,"column":23},"end":{"line":171,"column":62}},"60":{"start":{"line":172,"column":24},"end":{"line":172,"column":79}},"61":{"start":{"line":173,"column":4},"end":{"line":175,"column":5}},"62":{"start":{"line":174,"column":6},"end":{"line":174,"column":43}},"63":{"start":{"line":177,"column":4},"end":{"line":177,"column":33}},"64":{"start":{"line":180,"column":2},"end":{"line":182,"column":3}},"65":{"start":{"line":181,"column":4},"end":{"line":181,"column":36}},"66":{"start":{"line":183,"column":2},"end":{"line":183,"column":26}},"67":{"start":{"line":185,"column":2},"end":{"line":185,"column":8}},"68":{"start":{"line":188,"column":2},"end":{"line":194,"column":3}}},"fnMap":{"0":{"name":"verifyBasicUserAuth","decl":{"start":{"line":7,"column":15},"end":{"line":7,"column":34}},"loc":{"start":{"line":7,"column":61},"end":{"line":54,"column":1}},"line":7},"1":{"name":"createJwt","decl":{"start":{"line":58,"column":15},"end":{"line":58,"column":24}},"loc":{"start":{"line":58,"column":51},"end":{"line":77,"column":1}},"line":58},"2":{"name":"verifyJwt","decl":{"start":{"line":79,"column":15},"end":{"line":79,"column":24}},"loc":{"start":{"line":79,"column":51},"end":{"line":130,"column":1}},"line":79},"3":{"name":"logout","decl":{"start":{"line":132,"column":15},"end":{"line":132,"column":21}},"loc":{"start":{"line":132,"column":47},"end":{"line":154,"column":1}},"line":132},"4":{"name":"validateRegisterData","decl":{"start":{"line":157,"column":15},"end":{"line":157,"column":35}},"loc":{"start":{"line":157,"column":62},"end":{"line":186,"column":3}},"line":157}},"branchMap":{"0":{"loc":{"start":{"line":10,"column":19},"end":{"line":10,"column":59}},"type":"binary-expr","locations":[{"start":{"line":10,"column":19},"end":{"line":10,"column":51}},{"start":{"line":10,"column":55},"end":{"line":10,"column":59}}],"line":10},"1":{"loc":{"start":{"line":13,"column":2},"end":{"line":15,"column":3}},"type":"if","locations":[{"start":{"line":13,"column":2},"end":{"line":15,"column":3}},{"start":{},"end":{}}],"line":13},"2":{"loc":{"start":{"line":18,"column":2},"end":{"line":20,"column":3}},"type":"if","locations":[{"start":{"line":18,"column":2},"end":{"line":20,"column":3}},{"start":{},"end":{}}],"line":18},"3":{"loc":{"start":{"line":33,"column":1},"end":{"line":35,"column":2}},"type":"if","locations":[{"start":{"line":33,"column":1},"end":{"line":35,"column":2}},{"start":{},"end":{}}],"line":33},"4":{"loc":{"start":{"line":33,"column":5},"end":{"line":33,"column":36}},"type":"binary-expr","locations":[{"start":{"line":33,"column":5},"end":{"line":33,"column":15}},{"start":{"line":33,"column":19},"end":{"line":33,"column":36}}],"line":33},"5":{"loc":{"start":{"line":39,"column":1},"end":{"line":42,"column":2}},"type":"if","locations":[{"start":{"line":39,"column":1},"end":{"line":42,"column":2}},{"start":{},"end":{}}],"line":39},"6":{"loc":{"start":{"line":62,"column":1},"end":{"line":64,"column":2}},"type":"if","locations":[{"start":{"line":62,"column":1},"end":{"line":64,"column":2}},{"start":{},"end":{}}],"line":62},"7":{"loc":{"start":{"line":82,"column":19},"end":{"line":82,"column":59}},"type":"binary-expr","locations":[{"start":{"line":82,"column":19},"end":{"line":82,"column":51}},{"start":{"line":82,"column":55},"end":{"line":82,"column":59}}],"line":82},"8":{"loc":{"start":{"line":85,"column":2},"end":{"line":87,"column":3}},"type":"if","locations":[{"start":{"line":85,"column":2},"end":{"line":87,"column":3}},{"start":{},"end":{}}],"line":85},"9":{"loc":{"start":{"line":90,"column":2},"end":{"line":92,"column":3}},"type":"if","locations":[{"start":{"line":90,"column":2},"end":{"line":92,"column":3}},{"start":{},"end":{}}],"line":90},"10":{"loc":{"start":{"line":101,"column":4},"end":{"line":103,"column":5}},"type":"if","locations":[{"start":{"line":101,"column":4},"end":{"line":103,"column":5}},{"start":{},"end":{}}],"line":101},"11":{"loc":{"start":{"line":124,"column":2},"end":{"line":128,"column":3}},"type":"if","locations":[{"start":{"line":124,"column":2},"end":{"line":128,"column":3}},{"start":{"line":126,"column":9},"end":{"line":128,"column":3}}],"line":124},"12":{"loc":{"start":{"line":133,"column":19},"end":{"line":133,"column":59}},"type":"binary-expr","locations":[{"start":{"line":133,"column":19},"end":{"line":133,"column":51}},{"start":{"line":133,"column":55},"end":{"line":133,"column":59}}],"line":133},"13":{"loc":{"start":{"line":136,"column":2},"end":{"line":138,"column":3}},"type":"if","locations":[{"start":{"line":136,"column":2},"end":{"line":138,"column":3}},{"start":{},"end":{}}],"line":136},"14":{"loc":{"start":{"line":141,"column":2},"end":{"line":143,"column":3}},"type":"if","locations":[{"start":{"line":141,"column":2},"end":{"line":143,"column":3}},{"start":{},"end":{}}],"line":141},"15":{"loc":{"start":{"line":160,"column":2},"end":{"line":168,"column":3}},"type":"if","locations":[{"start":{"line":160,"column":2},"end":{"line":168,"column":3}},{"start":{"line":166,"column":9},"end":{"line":168,"column":3}}],"line":160},"16":{"loc":{"start":{"line":163,"column":4},"end":{"line":165,"column":5}},"type":"if","locations":[{"start":{"line":163,"column":4},"end":{"line":165,"column":5}},{"start":{},"end":{}}],"line":163},"17":{"loc":{"start":{"line":170,"column":2},"end":{"line":178,"column":3}},"type":"if","locations":[{"start":{"line":170,"column":2},"end":{"line":178,"column":3}},{"start":{"line":176,"column":9},"end":{"line":178,"column":3}}],"line":170},"18":{"loc":{"start":{"line":173,"column":4},"end":{"line":175,"column":5}},"type":"if","locations":[{"start":{"line":173,"column":4},"end":{"line":175,"column":5}},{"start":{},"end":{}}],"line":173},"19":{"loc":{"start":{"line":180,"column":2},"end":{"line":182,"column":3}},"type":"if","locations":[{"start":{"line":180,"column":2},"end":{"line":182,"column":3}},{"start":{},"end":{}}],"line":180}},"s":{"0":1,"1":1,"2":1,"3":1,"4":1,"5":1,"6":0,"7":0,"8":0,"9":0,"10":0,"11":0,"12":0,"13":0,"14":0,"15":0,"16":0,"17":0,"18":0,"19":0,"20":0,"21":0,"22":0,"23":0,"24":0,"25":0,"26":0,"27":0,"28":0,"29":0,"30":0,"31":0,"32":0,"33":0,"34":0,"35":0,"36":0,"37":0,"38":0,"39":0,"40":0,"41":0,"42":0,"43":0,"44":0,"45":0,"46":0,"47":0,"48":0,"49":0,"50":0,"51":1,"52":1,"53":1,"54":1,"55":0,"56":0,"57":0,"58":0,"59":0,"60":0,"61":0,"62":0,"63":0,"64":0,"65":0,"66":0,"67":0,"68":1},"f":{"0":1,"1":0,"2":0,"3":0,"4":1},"b":{"0":[1,1],"1":[1,0],"2":[0,0],"3":[0,0],"4":[0,0],"5":[0,0],"6":[0,0],"7":[0,0],"8":[0,0],"9":[0,0],"10":[0,0],"11":[0,0],"12":[0,0],"13":[0,0],"14":[0,0],"15":[1,0],"16":[0,0],"17":[0,0],"18":[0,0],"19":[0,0]},"_coverageSchema":"1a1c01bbd47fc00a2c39e90264f33305004495a9","hash":"3a971b881273634ae78affec92af8f442a535273"}
,"/Users/Phuong/Documents/CA_bootcamp/Advanced_application/MERN-Project/Backend/src/middleware/jwtFunctions.js": {"path":"/Users/Phuong/Documents/CA_bootcamp/Advanced_application/MERN-Project/Backend/src/middleware/jwtFunctions.js","statementMap":{"0":{"start":{"line":1,"column":12},"end":{"line":1,"column":35}},"1":{"start":{"line":2,"column":22},"end":{"line":2,"column":58}},"2":{"start":{"line":12,"column":17},"end":{"line":14,"column":2}},"3":{"start":{"line":17,"column":1},"end":{"line":19,"column":2}},"4":{"start":{"line":18,"column":2},"end":{"line":18,"column":81}},"5":{"start":{"line":21,"column":16},"end":{"line":30,"column":2}},"6":{"start":{"line":32,"column":1},"end":{"line":32,"column":17}},"7":{"start":{"line":42,"column":1},"end":{"line":44,"column":2}},"8":{"start":{"line":43,"column":2},"end":{"line":43,"column":83}},"9":{"start":{"line":47,"column":16},"end":{"line":47,"column":61}},"10":{"start":{"line":48,"column":1},"end":{"line":48,"column":48}},"11":{"start":{"line":51,"column":17},"end":{"line":51,"column":64}},"12":{"start":{"line":53,"column":1},"end":{"line":55,"column":2}},"13":{"start":{"line":54,"column":2},"end":{"line":54,"column":56}},"14":{"start":{"line":57,"column":1},"end":{"line":60,"column":2}},"15":{"start":{"line":64,"column":0},"end":{"line":67,"column":1}}},"fnMap":{"0":{"name":"generateJWT","decl":{"start":{"line":11,"column":9},"end":{"line":11,"column":20}},"loc":{"start":{"line":11,"column":33},"end":{"line":33,"column":1}},"line":11},"1":{"name":"validateJWT","decl":{"start":{"line":41,"column":15},"end":{"line":41,"column":26}},"loc":{"start":{"line":41,"column":38},"end":{"line":61,"column":1}},"line":41}},"branchMap":{"0":{"loc":{"start":{"line":17,"column":1},"end":{"line":19,"column":2}},"type":"if","locations":[{"start":{"line":17,"column":1},"end":{"line":19,"column":2}},{"start":{},"end":{}}],"line":17},"1":{"loc":{"start":{"line":42,"column":1},"end":{"line":44,"column":2}},"type":"if","locations":[{"start":{"line":42,"column":1},"end":{"line":44,"column":2}},{"start":{},"end":{}}],"line":42},"2":{"loc":{"start":{"line":53,"column":1},"end":{"line":55,"column":2}},"type":"if","locations":[{"start":{"line":53,"column":1},"end":{"line":55,"column":2}},{"start":{},"end":{}}],"line":53},"3":{"loc":{"start":{"line":53,"column":5},"end":{"line":53,"column":36}},"type":"binary-expr","locations":[{"start":{"line":53,"column":5},"end":{"line":53,"column":15}},{"start":{"line":53,"column":19},"end":{"line":53,"column":36}}],"line":53}},"s":{"0":1,"1":1,"2":0,"3":0,"4":0,"5":0,"6":0,"7":0,"8":0,"9":0,"10":0,"11":0,"12":0,"13":0,"14":0,"15":1},"f":{"0":0,"1":0},"b":{"0":[0,0],"1":[0,0],"2":[0,0],"3":[0,0]},"_coverageSchema":"1a1c01bbd47fc00a2c39e90264f33305004495a9","hash":"370168466f7196742528cf279757bd76e7b27423"}
,"/Users/Phuong/Documents/CA_bootcamp/Advanced_application/MERN-Project/Backend/src/sockets/websocket.js": {"path":"/Users/Phuong/Documents/CA_bootcamp/Advanced_application/MERN-Project/Backend/src/sockets/websocket.js","statementMap":{"0":{"start":{"line":1,"column":19},"end":{"line":1,"column":39}},"1":{"start":{"line":2,"column":17},"end":{"line":2,"column":36}},"2":{"start":{"line":3,"column":25},"end":{"line":3,"column":64}},"3":{"start":{"line":4,"column":22},"end":{"line":4,"column":58}},"4":{"start":{"line":5,"column":26},"end":{"line":5,"column":66}},"5":{"start":{"line":6,"column":24},"end":{"line":6,"column":61}},"6":{"start":{"line":9,"column":0},"end":{"line":214,"column":2}},"7":{"start":{"line":11,"column":13},"end":{"line":20,"column":4}},"8":{"start":{"line":23,"column":25},"end":{"line":23,"column":34}},"9":{"start":{"line":26,"column":2},"end":{"line":211,"column":5}},"10":{"start":{"line":28,"column":18},"end":{"line":28,"column":45}},"11":{"start":{"line":29,"column":4},"end":{"line":29,"column":45}},"12":{"start":{"line":31,"column":4},"end":{"line":42,"column":5}},"13":{"start":{"line":32,"column":23},"end":{"line":32,"column":47}},"14":{"start":{"line":34,"column":6},"end":{"line":34,"column":54}},"15":{"start":{"line":36,"column":6},"end":{"line":36,"column":49}},"16":{"start":{"line":38,"column":6},"end":{"line":38,"column":41}},"17":{"start":{"line":39,"column":6},"end":{"line":39,"column":52}},"18":{"start":{"line":40,"column":6},"end":{"line":40,"column":30}},"19":{"start":{"line":41,"column":6},"end":{"line":41,"column":13}},"20":{"start":{"line":45,"column":4},"end":{"line":51,"column":5}},"21":{"start":{"line":47,"column":6},"end":{"line":47,"column":59}},"22":{"start":{"line":48,"column":6},"end":{"line":48,"column":76}},"23":{"start":{"line":49,"column":6},"end":{"line":49,"column":30}},"24":{"start":{"line":50,"column":6},"end":{"line":50,"column":13}},"25":{"start":{"line":55,"column":4},"end":{"line":55,"column":47}},"26":{"start":{"line":56,"column":4},"end":{"line":56,"column":48}},"27":{"start":{"line":59,"column":4},"end":{"line":88,"column":7}},"28":{"start":{"line":60,"column":6},"end":{"line":87,"column":7}},"29":{"start":{"line":62,"column":8},"end":{"line":65,"column":9}},"30":{"start":{"line":63,"column":10},"end":{"line":63,"column":41}},"31":{"start":{"line":64,"column":10},"end":{"line":64,"column":17}},"32":{"start":{"line":68,"column":21},"end":{"line":68,"column":64}},"33":{"start":{"line":69,"column":8},"end":{"line":72,"column":9}},"34":{"start":{"line":70,"column":10},"end":{"line":70,"column":43}},"35":{"start":{"line":71,"column":10},"end":{"line":71,"column":17}},"36":{"start":{"line":74,"column":8},"end":{"line":74,"column":53}},"37":{"start":{"line":77,"column":8},"end":{"line":77,"column":28}},"38":{"start":{"line":80,"column":31},"end":{"line":81,"column":31}},"39":{"start":{"line":84,"column":8},"end":{"line":84,"column":58}},"40":{"start":{"line":86,"column":8},"end":{"line":86,"column":27}},"41":{"start":{"line":91,"column":4},"end":{"line":93,"column":7}},"42":{"start":{"line":92,"column":6},"end":{"line":92,"column":47}},"43":{"start":{"line":96,"column":4},"end":{"line":98,"column":7}},"44":{"start":{"line":97,"column":6},"end":{"line":97,"column":50}},"45":{"start":{"line":101,"column":4},"end":{"line":153,"column":7}},"46":{"start":{"line":102,"column":6},"end":{"line":152,"column":7}},"47":{"start":{"line":104,"column":23},"end":{"line":104,"column":34}},"48":{"start":{"line":107,"column":8},"end":{"line":110,"column":9}},"49":{"start":{"line":108,"column":10},"end":{"line":108,"column":41}},"50":{"start":{"line":109,"column":10},"end":{"line":109,"column":17}},"51":{"start":{"line":113,"column":21},"end":{"line":113,"column":60}},"52":{"start":{"line":114,"column":8},"end":{"line":117,"column":9}},"53":{"start":{"line":115,"column":10},"end":{"line":115,"column":42}},"54":{"start":{"line":116,"column":10},"end":{"line":116,"column":17}},"55":{"start":{"line":119,"column":23},"end":{"line":119,"column":34}},"56":{"start":{"line":122,"column":8},"end":{"line":125,"column":9}},"57":{"start":{"line":123,"column":10},"end":{"line":123,"column":41}},"58":{"start":{"line":124,"column":10},"end":{"line":124,"column":17}},"59":{"start":{"line":128,"column":21},"end":{"line":128,"column":64}},"60":{"start":{"line":129,"column":8},"end":{"line":132,"column":9}},"61":{"start":{"line":130,"column":10},"end":{"line":130,"column":42}},"62":{"start":{"line":131,"column":10},"end":{"line":131,"column":17}},"63":{"start":{"line":135,"column":20},"end":{"line":135,"column":56}},"64":{"start":{"line":136,"column":8},"end":{"line":136,"column":25}},"65":{"start":{"line":138,"column":28},"end":{"line":143,"column":10}},"66":{"start":{"line":145,"column":8},"end":{"line":145,"column":55}},"67":{"start":{"line":149,"column":8},"end":{"line":149,"column":57}},"68":{"start":{"line":150,"column":8},"end":{"line":150,"column":106}},"69":{"start":{"line":151,"column":8},"end":{"line":151,"column":32}},"70":{"start":{"line":156,"column":4},"end":{"line":163,"column":7}},"71":{"start":{"line":158,"column":6},"end":{"line":160,"column":7}},"72":{"start":{"line":159,"column":8},"end":{"line":159,"column":43}},"73":{"start":{"line":162,"column":6},"end":{"line":162,"column":51}},"74":{"start":{"line":166,"column":4},"end":{"line":169,"column":7}},"75":{"start":{"line":167,"column":6},"end":{"line":167,"column":26}},"76":{"start":{"line":168,"column":6},"end":{"line":168,"column":46}},"77":{"start":{"line":173,"column":4},"end":{"line":209,"column":7}},"78":{"start":{"line":174,"column":6},"end":{"line":208,"column":7}},"79":{"start":{"line":176,"column":23},"end":{"line":176,"column":34}},"80":{"start":{"line":179,"column":8},"end":{"line":182,"column":9}},"81":{"start":{"line":180,"column":10},"end":{"line":180,"column":41}},"82":{"start":{"line":181,"column":10},"end":{"line":181,"column":17}},"83":{"start":{"line":185,"column":21},"end":{"line":185,"column":60}},"84":{"start":{"line":186,"column":8},"end":{"line":189,"column":9}},"85":{"start":{"line":187,"column":10},"end":{"line":187,"column":42}},"86":{"start":{"line":188,"column":10},"end":{"line":188,"column":17}},"87":{"start":{"line":192,"column":8},"end":{"line":195,"column":9}},"88":{"start":{"line":193,"column":10},"end":{"line":193,"column":36}},"89":{"start":{"line":194,"column":10},"end":{"line":194,"column":17}},"90":{"start":{"line":198,"column":20},"end":{"line":198,"column":61}},"91":{"start":{"line":199,"column":8},"end":{"line":202,"column":9}},"92":{"start":{"line":200,"column":10},"end":{"line":200,"column":45}},"93":{"start":{"line":201,"column":10},"end":{"line":201,"column":17}},"94":{"start":{"line":205,"column":8},"end":{"line":205,"column":58}},"95":{"start":{"line":207,"column":8},"end":{"line":207,"column":57}},"96":{"start":{"line":213,"column":2},"end":{"line":213,"column":12}}},"fnMap":{"0":{"name":"(anonymous_0)","decl":{"start":{"line":9,"column":17},"end":{"line":9,"column":18}},"loc":{"start":{"line":9,"column":29},"end":{"line":214,"column":1}},"line":9},"1":{"name":"(anonymous_1)","decl":{"start":{"line":26,"column":21},"end":{"line":26,"column":22}},"loc":{"start":{"line":26,"column":39},"end":{"line":211,"column":3}},"line":26},"2":{"name":"(anonymous_2)","decl":{"start":{"line":59,"column":26},"end":{"line":59,"column":27}},"loc":{"start":{"line":59,"column":43},"end":{"line":88,"column":5}},"line":59},"3":{"name":"(anonymous_3)","decl":{"start":{"line":91,"column":24},"end":{"line":91,"column":25}},"loc":{"start":{"line":91,"column":34},"end":{"line":93,"column":5}},"line":91},"4":{"name":"(anonymous_4)","decl":{"start":{"line":96,"column":29},"end":{"line":96,"column":30}},"loc":{"start":{"line":96,"column":40},"end":{"line":98,"column":5}},"line":96},"5":{"name":"(anonymous_5)","decl":{"start":{"line":101,"column":29},"end":{"line":101,"column":30}},"loc":{"start":{"line":101,"column":45},"end":{"line":153,"column":5}},"line":101},"6":{"name":"(anonymous_6)","decl":{"start":{"line":156,"column":28},"end":{"line":156,"column":29}},"loc":{"start":{"line":156,"column":34},"end":{"line":163,"column":5}},"line":156},"7":{"name":"(anonymous_7)","decl":{"start":{"line":166,"column":26},"end":{"line":166,"column":27}},"loc":{"start":{"line":166,"column":38},"end":{"line":169,"column":5}},"line":166},"8":{"name":"(anonymous_8)","decl":{"start":{"line":173,"column":31},"end":{"line":173,"column":32}},"loc":{"start":{"line":173,"column":48},"end":{"line":209,"column":5}},"line":173}},"branchMap":{"0":{"loc":{"start":{"line":45,"column":4},"end":{"line":51,"column":5}},"type":"if","locations":[{"start":{"line":45,"column":4},"end":{"line":51,"column":5}},{"start":{},"end":{}}],"line":45},"1":{"loc":{"start":{"line":62,"column":8},"end":{"line":65,"column":9}},"type":"if","locations":[{"start":{"line":62,"column":8},"end":{"line":65,"column":9}},{"start":{},"end":{}}],"line":62},"2":{"loc":{"start":{"line":62,"column":12},"end":{"line":62,"column":63}},"type":"binary-expr","locations":[{"start":{"line":62,"column":12},"end":{"line":62,"column":19}},{"start":{"line":62,"column":23},"end":{"line":62,"column":63}}],"line":62},"3":{"loc":{"start":{"line":69,"column":8},"end":{"line":72,"column":9}},"type":"if","locations":[{"start":{"line":69,"column":8},"end":{"line":72,"column":9}},{"start":{},"end":{}}],"line":69},"4":{"loc":{"start":{"line":107,"column":8},"end":{"line":110,"column":9}},"type":"if","locations":[{"start":{"line":107,"column":8},"end":{"line":110,"column":9}},{"start":{},"end":{}}],"line":107},"5":{"loc":{"start":{"line":107,"column":12},"end":{"line":107,"column":63}},"type":"binary-expr","locations":[{"start":{"line":107,"column":12},"end":{"line":107,"column":19}},{"start":{"line":107,"column":23},"end":{"line":107,"column":63}}],"line":107},"6":{"loc":{"start":{"line":114,"column":8},"end":{"line":117,"column":9}},"type":"if","locations":[{"start":{"line":114,"column":8},"end":{"line":117,"column":9}},{"start":{},"end":{}}],"line":114},"7":{"loc":{"start":{"line":122,"column":8},"end":{"line":125,"column":9}},"type":"if","locations":[{"start":{"line":122,"column":8},"end":{"line":125,"column":9}},{"start":{},"end":{}}],"line":122},"8":{"loc":{"start":{"line":122,"column":12},"end":{"line":122,"column":63}},"type":"binary-expr","locations":[{"start":{"line":122,"column":12},"end":{"line":122,"column":19}},{"start":{"line":122,"column":23},"end":{"line":122,"column":63}}],"line":122},"9":{"loc":{"start":{"line":129,"column":8},"end":{"line":132,"column":9}},"type":"if","locations":[{"start":{"line":129,"column":8},"end":{"line":132,"column":9}},{"start":{},"end":{}}],"line":129},"10":{"loc":{"start":{"line":158,"column":6},"end":{"line":160,"column":7}},"type":"if","locations":[{"start":{"line":158,"column":6},"end":{"line":160,"column":7}},{"start":{},"end":{}}],"line":158},"11":{"loc":{"start":{"line":179,"column":8},"end":{"line":182,"column":9}},"type":"if","locations":[{"start":{"line":179,"column":8},"end":{"line":182,"column":9}},{"start":{},"end":{}}],"line":179},"12":{"loc":{"start":{"line":179,"column":12},"end":{"line":179,"column":63}},"type":"binary-expr","locations":[{"start":{"line":179,"column":12},"end":{"line":179,"column":19}},{"start":{"line":179,"column":23},"end":{"line":179,"column":63}}],"line":179},"13":{"loc":{"start":{"line":186,"column":8},"end":{"line":189,"column":9}},"type":"if","locations":[{"start":{"line":186,"column":8},"end":{"line":189,"column":9}},{"start":{},"end":{}}],"line":186},"14":{"loc":{"start":{"line":192,"column":8},"end":{"line":195,"column":9}},"type":"if","locations":[{"start":{"line":192,"column":8},"end":{"line":195,"column":9}},{"start":{},"end":{}}],"line":192},"15":{"loc":{"start":{"line":192,"column":12},"end":{"line":192,"column":61}},"type":"binary-expr","locations":[{"start":{"line":192,"column":12},"end":{"line":192,"column":18}},{"start":{"line":192,"column":22},"end":{"line":192,"column":61}}],"line":192},"16":{"loc":{"start":{"line":199,"column":8},"end":{"line":202,"column":9}},"type":"if","locations":[{"start":{"line":199,"column":8},"end":{"line":202,"column":9}},{"start":{},"end":{}}],"line":199}},"s":{"0":2,"1":2,"2":2,"3":2,"4":2,"5":2,"6":2,"7":2,"8":2,"9":2,"10":3,"11":3,"12":3,"13":3,"14":3,"15":0,"16":3,"17":3,"18":3,"19":3,"20":0,"21":0,"22":0,"23":0,"24":0,"25":0,"26":0,"27":0,"28":0,"29":0,"30":0,"31":0,"32":0,"33":0,"34":0,"35":0,"36":0,"37":0,"38":0,"39":0,"40":0,"41":0,"42":0,"43":0,"44":0,"45":0,"46":0,"47":0,"48":0,"49":0,"50":0,"51":0,"52":0,"53":0,"54":0,"55":0,"56":0,"57":0,"58":0,"59":0,"60":0,"61":0,"62":0,"63":0,"64":0,"65":0,"66":0,"67":0,"68":0,"69":0,"70":0,"71":0,"72":0,"73":0,"74":0,"75":0,"76":0,"77":0,"78":0,"79":0,"80":0,"81":0,"82":0,"83":0,"84":0,"85":0,"86":0,"87":0,"88":0,"89":0,"90":0,"91":0,"92":0,"93":0,"94":0,"95":0,"96":2},"f":{"0":2,"1":3,"2":0,"3":0,"4":0,"5":0,"6":0,"7":0,"8":0},"b":{"0":[0,0],"1":[0,0],"2":[0,0],"3":[0,0],"4":[0,0],"5":[0,0],"6":[0,0],"7":[0,0],"8":[0,0],"9":[0,0],"10":[0,0],"11":[0,0],"12":[0,0],"13":[0,0],"14":[0,0],"15":[0,0],"16":[0,0]},"_coverageSchema":"1a1c01bbd47fc00a2c39e90264f33305004495a9","hash":"de9ad6b0944332b54b8c646fff5c8fbb22abc425"}
}
