TN:
SF:src/server.js
FN:52,(anonymous_0)
FN:59,(anonymous_1)
FN:68,(anonymous_2)
FN:78,(anonymous_3)
FN:99,(anonymous_4)
FN:107,(anonymous_5)
FN:113,(anonymous_6)
FNF:7
FNH:2
FNDA:0,(anonymous_0)
FNDA:0,(anonymous_1)
FNDA:1,(anonymous_2)
FNDA:0,(anonymous_3)
FNDA:2,(anonymous_4)
FNDA:0,(anonymous_5)
FNDA:0,(anonymous_6)
DA:1,1
DA:2,1
DA:3,1
DA:4,1
DA:5,1
DA:6,1
DA:7,1
DA:8,1
DA:9,1
DA:10,1
DA:11,1
DA:12,1
DA:13,1
DA:14,1
DA:15,1
DA:16,1
DA:17,1
DA:21,1
DA:25,1
DA:33,1
DA:36,1
DA:42,1
DA:46,1
DA:47,1
DA:51,1
DA:53,0
DA:54,0
DA:56,0
DA:60,0
DA:68,1
DA:69,1
DA:74,1
DA:78,1
DA:79,0
DA:80,0
DA:81,0
DA:82,0
DA:84,0
DA:92,1
DA:93,1
DA:94,1
DA:95,1
DA:99,1
DA:100,2
DA:107,1
DA:108,0
DA:113,1
DA:114,0
DA:119,1
LF:49
LH:38
BRF:0
BRH:0
end_of_record
TN:
SF:src/controllers/ConnectionController.js
FN:8,(anonymous_0)
FN:28,(anonymous_1)
FNF:2
FNH:0
FNDA:0,(anonymous_0)
FNDA:0,(anonymous_1)
DA:1,1
DA:2,1
DA:3,1
DA:4,1
DA:6,1
DA:8,1
DA:9,0
DA:11,0
DA:12,0
DA:13,0
DA:19,0
DA:20,0
DA:21,0
DA:23,0
DA:28,1
DA:29,0
DA:30,0
DA:31,0
DA:32,0
DA:34,0
DA:36,0
DA:37,0
DA:39,0
DA:40,0
DA:46,0
DA:48,0
DA:52,0
DA:57,1
DA:66,1
LF:29
LH:9
BRDA:32,0,0,0
BRDA:32,0,1,0
BRDA:34,1,0,0
BRDA:34,1,1,0
BRDA:36,2,0,0
BRDA:36,2,1,0
BRF:6
BRH:0
end_of_record
TN:
SF:src/controllers/ProfileController.js
FN:11,(anonymous_0)
FN:30,(anonymous_1)
FN:37,(anonymous_2)
FN:47,(anonymous_3)
FNF:4
FNH:0
FNDA:0,(anonymous_0)
FNDA:0,(anonymous_1)
FNDA:0,(anonymous_2)
FNDA:0,(anonymous_3)
DA:1,1
DA:2,1
DA:3,1
DA:4,1
DA:5,1
DA:6,1
DA:11,1
DA:12,0
DA:13,0
DA:14,0
DA:15,0
DA:16,0
DA:23,0
DA:29,1
DA:31,0
DA:32,0
DA:34,0
DA:38,0
DA:39,0
DA:45,1
DA:47,1
DA:48,0
DA:50,0
DA:51,0
DA:53,0
DA:60,0
DA:62,0
DA:65,0
DA:69,1
LF:29
LH:11
BRDA:12,0,0,0
BRDA:12,0,1,0
BRF:2
BRH:0
end_of_record
TN:
SF:src/controllers/RoomChatController.js
FN:15,(anonymous_0)
FN:78,(anonymous_1)
FN:96,(anonymous_2)
FN:109,(anonymous_3)
FN:119,(anonymous_4)
FN:136,(anonymous_5)
FNF:6
FNH:0
FNDA:0,(anonymous_0)
FNDA:0,(anonymous_1)
FNDA:0,(anonymous_2)
FNDA:0,(anonymous_3)
FNDA:0,(anonymous_4)
FNDA:0,(anonymous_5)
DA:1,1
DA:2,1
DA:3,1
DA:4,1
DA:5,1
DA:6,1
DA:7,1
DA:8,1
DA:10,1
DA:13,1
DA:17,0
DA:20,0
DA:21,0
DA:25,0
DA:27,0
DA:29,0
DA:31,0
DA:32,0
DA:35,0
DA:38,0
DA:39,0
DA:40,0
DA:43,0
DA:44,0
DA:47,0
DA:52,0
DA:53,0
DA:54,0
DA:55,0
DA:57,0
DA:62,0
DA:63,0
DA:64,0
DA:70,0
DA:75,1
DA:79,0
DA:93,1
DA:97,0
DA:98,0
DA:99,0
DA:108,1
DA:110,0
DA:116,1
DA:120,0
DA:121,0
DA:122,0
DA:123,0
DA:124,0
DA:125,0
DA:128,0
DA:133,1
DA:137,0
DA:138,0
DA:139,0
DA:140,0
DA:145,0
DA:148,0
DA:153,1
DA:168,1
LF:59
LH:17
BRDA:20,0,0,0
BRDA:20,0,1,0
BRDA:39,1,0,0
BRDA:39,1,1,0
BRDA:43,2,0,0
BRDA:43,2,1,0
BRDA:53,3,0,0
BRDA:53,3,1,0
BRDA:139,4,0,0
BRDA:139,4,1,0
BRF:10
BRH:0
end_of_record
TN:
SF:src/controllers/UserController.js
FN:9,(anonymous_0)
FN:30,(anonymous_1)
FN:66,(anonymous_2)
FN:74,(anonymous_3)
FN:83,(anonymous_4)
FN:104,(anonymous_5)
FN:122,(anonymous_6)
FN:142,(anonymous_7)
FNF:8
FNH:0
FNDA:0,(anonymous_0)
FNDA:0,(anonymous_1)
FNDA:0,(anonymous_2)
FNDA:0,(anonymous_3)
FNDA:0,(anonymous_4)
FNDA:0,(anonymous_5)
FNDA:0,(anonymous_6)
FNDA:0,(anonymous_7)
DA:1,1
DA:2,1
DA:3,1
DA:4,1
DA:5,1
DA:6,1
DA:9,1
DA:10,0
DA:11,0
DA:13,0
DA:14,0
DA:15,0
DA:21,0
DA:30,0
DA:31,0
DA:34,0
DA:43,0
DA:46,0
DA:48,0
DA:53,0
DA:56,0
DA:62,1
DA:68,0
DA:74,1
DA:75,0
DA:80,1
DA:84,0
DA:85,0
DA:86,0
DA:87,0
DA:88,0
DA:89,0
DA:90,0
DA:91,0
DA:94,0
DA:97,0
DA:103,1
DA:105,0
DA:106,0
DA:107,0
DA:108,0
DA:109,0
DA:116,0
DA:122,1
DA:123,0
DA:124,0
DA:125,0
DA:127,0
DA:128,0
DA:131,0
DA:133,0
DA:140,1
DA:143,0
DA:144,0
DA:145,0
DA:146,0
DA:147,0
DA:148,0
DA:149,0
DA:154,0
DA:157,0
DA:160,0
DA:164,1
LF:63
LH:14
BRDA:10,0,0,0
BRDA:10,0,1,0
BRDA:85,1,0,0
BRDA:85,1,1,0
BRDA:108,2,0,0
BRDA:108,2,1,0
BRDA:127,3,0,0
BRDA:127,3,1,0
BRDA:144,4,0,0
BRDA:144,4,1,0
BRDA:148,5,0,0
BRDA:148,5,1,0
BRF:12
BRH:0
end_of_record
TN:
SF:src/database/connectionManager.js
FN:4,dbConnect
FN:32,dbClose
FNF:2
FNH:1
FNDA:0,dbConnect
FNDA:2,dbClose
DA:1,1
DA:5,0
DA:6,0
DA:7,0
DA:8,0
DA:9,0
DA:10,0
DA:11,0
DA:14,0
DA:15,0
DA:17,0
DA:23,0
DA:24,0
DA:25,0
DA:27,0
DA:33,2
DA:34,2
DA:37,1
LF:18
LH:4
BRDA:6,0,0,0
BRDA:6,0,1,0
BRDA:9,1,0,0
BRDA:9,1,1,0
BRDA:14,2,0,0
BRDA:14,2,1,0
BRDA:14,3,0,0
BRDA:14,3,1,0
BRDA:14,3,2,0
BRF:9
BRH:0
end_of_record
TN:
SF:src/database/entities/BlackListJwt.js
FNF:0
FNH:0
DA:1,1
DA:3,1
DA:9,1
DA:11,1
LF:4
LH:4
BRF:0
BRH:0
end_of_record
TN:
SF:src/database/entities/Connection.js
FN:18,(anonymous_0)
FNF:1
FNH:0
FNDA:0,(anonymous_0)
DA:1,1
DA:3,1
DA:19,0
DA:31,1
DA:33,1
DA:35,1
LF:6
LH:5
BRF:0
BRH:0
end_of_record
TN:
SF:src/database/entities/Message.js
FN:21,(anonymous_0)
FNF:1
FNH:0
FNDA:0,(anonymous_0)
DA:1,1
DA:3,1
DA:22,0
DA:31,1
DA:33,1
LF:5
LH:4
BRF:0
BRH:0
end_of_record
TN:
SF:src/database/entities/Profile.js
FNF:0
FNH:0
DA:1,1
DA:4,1
DA:29,1
DA:31,1
LF:4
LH:4
BRF:0
BRH:0
end_of_record
TN:
SF:src/database/entities/RoomChat.js
FN:17,(anonymous_0)
FN:26,(anonymous_1)
FNF:2
FNH:0
FNDA:0,(anonymous_0)
FNDA:0,(anonymous_1)
DA:1,1
DA:3,1
DA:18,0
DA:26,1
DA:27,0
DA:28,0
DA:30,0
DA:33,0
DA:36,1
DA:38,1
LF:10
LH:5
BRDA:27,0,0,0
BRDA:27,0,1,0
BRDA:27,1,0,0
BRDA:27,1,1,0
BRF:4
BRH:0
end_of_record
TN:
SF:src/database/entities/User.js
FN:12,(anonymous_0)
FN:15,(anonymous_1)
FN:32,(anonymous_2)
FN:60,(anonymous_3)
FN:68,(anonymous_4)
FN:87,(anonymous_5)
FNF:6
FNH:0
FNDA:0,(anonymous_0)
FNDA:0,(anonymous_1)
FNDA:0,(anonymous_2)
FNDA:0,(anonymous_3)
FNDA:0,(anonymous_4)
FNDA:0,(anonymous_5)
DA:1,1
DA:2,1
DA:3,1
DA:4,1
DA:6,1
DA:13,0
DA:15,0
DA:33,0
DA:47,0
DA:61,0
DA:66,1
DA:69,0
DA:71,0
DA:76,0
DA:79,0
DA:81,0
DA:87,1
DA:88,0
DA:91,1
DA:93,1
LF:20
LH:9
BRDA:69,0,0,0
BRDA:69,0,1,0
BRDA:76,1,0,0
BRDA:76,1,1,0
BRF:4
BRH:0
end_of_record
TN:
SF:src/middleware/ConnectionValidation.js
FN:5,viewAllConnection
FNF:1
FNH:0
FNDA:0,viewAllConnection
DA:1,1
DA:2,1
DA:6,0
DA:7,0
DA:9,0
DA:10,0
DA:13,0
DA:15,0
DA:16,0
DA:20,0
DA:31,0
DA:32,0
DA:44,0
DA:46,0
DA:49,0
DA:53,1
LF:16
LH:3
BRDA:9,0,0,0
BRDA:9,0,1,0
BRDA:15,1,0,0
BRDA:15,1,1,0
BRDA:31,2,0,0
BRDA:31,2,1,0
BRF:6
BRH:0
end_of_record
TN:
SF:src/middleware/RoomChatValidations.js
FN:4,canViewRoom
FN:33,(anonymous_1)
FNF:2
FNH:0
FNDA:0,canViewRoom
FNDA:0,(anonymous_1)
DA:1,1
DA:2,1
DA:5,0
DA:6,0
DA:8,0
DA:9,0
DA:12,0
DA:14,0
DA:15,0
DA:19,0
DA:21,0
DA:22,0
DA:25,0
DA:27,0
DA:28,0
DA:32,0
DA:33,0
DA:37,0
DA:38,0
DA:41,0
DA:44,0
DA:47,0
DA:50,1
LF:23
LH:3
BRDA:8,0,0,0
BRDA:8,0,1,0
BRDA:14,1,0,0
BRDA:14,1,1,0
BRDA:21,2,0,0
BRDA:21,2,1,0
BRDA:27,3,0,0
BRDA:27,3,1,0
BRDA:33,4,0,0
BRDA:33,4,1,0
BRDA:37,5,0,0
BRDA:37,5,1,0
BRDA:37,6,0,0
BRDA:37,6,1,0
BRDA:37,6,2,0
BRF:15
BRH:0
end_of_record
TN:
SF:src/middleware/RoomValidation.js
FN:5,viewAllRooms
FNF:1
FNH:0
FNDA:0,viewAllRooms
DA:1,1
DA:2,1
DA:6,0
DA:7,0
DA:9,0
DA:10,0
DA:13,0
DA:15,0
DA:16,0
DA:20,0
DA:28,0
DA:29,0
DA:41,0
DA:43,0
DA:46,0
DA:50,1
LF:16
LH:3
BRDA:9,0,0,0
BRDA:9,0,1,0
BRDA:15,1,0,0
BRDA:15,1,1,0
BRDA:28,2,0,0
BRDA:28,2,1,0
BRF:6
BRH:0
end_of_record
TN:
SF:src/middleware/UserCRUDValidation.js
FN:7,verifyBasicUserAuth
FN:63,createJwt
FN:84,verifyJwt
FN:126,logout
FN:149,validateRegisterData
FNF:5
FNH:2
FNDA:1,verifyBasicUserAuth
FNDA:0,createJwt
FNDA:0,verifyJwt
FNDA:0,logout
FNDA:1,validateRegisterData
DA:1,1
DA:2,1
DA:3,1
DA:10,1
DA:13,1
DA:14,1
DA:18,0
DA:19,0
DA:23,0
DA:26,0
DA:27,0
DA:28,0
DA:31,0
DA:38,0
DA:39,0
DA:43,0
DA:44,0
DA:46,0
DA:50,0
DA:57,0
DA:67,0
DA:68,0
DA:72,0
DA:75,0
DA:81,0
DA:86,0
DA:89,0
DA:90,0
DA:93,0
DA:95,0
DA:98,0
DA:100,0
DA:101,0
DA:104,0
DA:110,0
DA:114,0
DA:118,0
DA:119,0
DA:121,0
DA:128,0
DA:131,0
DA:132,0
DA:135,0
DA:137,0
DA:139,0
DA:140,0
DA:141,0
DA:144,0
DA:150,1
DA:152,1
DA:153,1
DA:154,1
DA:155,0
DA:156,0
DA:159,0
DA:162,0
DA:163,0
DA:164,0
DA:165,0
DA:166,0
DA:169,0
DA:172,0
DA:173,0
DA:175,0
DA:177,0
DA:180,1
LF:66
LH:11
BRDA:10,0,0,1
BRDA:10,0,1,1
BRDA:13,1,0,1
BRDA:13,1,1,0
BRDA:18,2,0,0
BRDA:18,2,1,0
BRDA:38,3,0,0
BRDA:38,3,1,0
BRDA:38,4,0,0
BRDA:38,4,1,0
BRDA:44,5,0,0
BRDA:44,5,1,0
BRDA:67,6,0,0
BRDA:67,6,1,0
BRDA:86,7,0,0
BRDA:86,7,1,0
BRDA:89,8,0,0
BRDA:89,8,1,0
BRDA:100,9,0,0
BRDA:100,9,1,0
BRDA:118,10,0,0
BRDA:118,10,1,0
BRDA:128,11,0,0
BRDA:128,11,1,0
BRDA:131,12,0,0
BRDA:131,12,1,0
BRDA:152,13,0,1
BRDA:152,13,1,0
BRDA:155,14,0,0
BRDA:155,14,1,0
BRDA:162,15,0,0
BRDA:162,15,1,0
BRDA:165,16,0,0
BRDA:165,16,1,0
BRDA:172,17,0,0
BRDA:172,17,1,0
BRF:36
BRH:4
end_of_record
TN:
SF:src/middleware/jwtFunctions.js
FN:11,generateJWT
FN:49,validateJWT
FNF:2
FNH:0
FNDA:0,generateJWT
FNDA:0,validateJWT
DA:1,1
DA:2,1
DA:12,0
DA:17,0
DA:18,0
DA:21,0
DA:33,0
DA:40,0
DA:50,0
DA:51,0
DA:55,0
DA:59,0
DA:61,0
DA:62,0
DA:65,0
DA:72,1
LF:16
LH:3
BRDA:17,0,0,0
BRDA:17,0,1,0
BRDA:50,1,0,0
BRDA:50,1,1,0
BRDA:61,2,0,0
BRDA:61,2,1,0
BRDA:61,3,0,0
BRDA:61,3,1,0
BRF:8
BRH:0
end_of_record
TN:
SF:src/sockets/websocket.js
FN:11,(anonymous_0)
FN:29,(anonymous_1)
FN:34,(anonymous_2)
FN:71,(anonymous_3)
FN:103,(anonymous_4)
FN:123,(anonymous_5)
FN:156,(anonymous_6)
FN:161,(anonymous_7)
FN:166,(anonymous_8)
FN:239,(anonymous_9)
FN:252,(anonymous_10)
FNF:11
FNH:1
FNDA:1,(anonymous_0)
FNDA:0,(anonymous_1)
FNDA:0,(anonymous_2)
FNDA:0,(anonymous_3)
FNDA:0,(anonymous_4)
FNDA:0,(anonymous_5)
FNDA:0,(anonymous_6)
FNDA:0,(anonymous_7)
FNDA:0,(anonymous_8)
FNDA:0,(anonymous_9)
FNDA:0,(anonymous_10)
DA:1,1
DA:2,1
DA:3,1
DA:4,1
DA:5,1
DA:6,1
DA:7,1
DA:8,1
DA:11,1
DA:13,1
DA:27,1
DA:29,1
DA:30,0
DA:31,0
DA:34,1
DA:36,0
DA:43,0
DA:44,0
DA:45,0
DA:49,0
DA:50,0
DA:51,0
DA:52,0
DA:55,0
DA:58,0
DA:59,0
DA:60,0
DA:61,0
DA:64,0
DA:66,0
DA:71,1
DA:72,0
DA:73,0
DA:75,0
DA:76,0
DA:79,0
DA:82,0
DA:84,0
DA:85,0
DA:88,0
DA:90,0
DA:92,0
DA:94,0
DA:97,0
DA:98,0
DA:103,1
DA:104,0
DA:107,0
DA:109,0
DA:110,0
DA:111,0
DA:112,0
DA:117,0
DA:123,0
DA:124,0
DA:126,0
DA:127,0
DA:128,0
DA:131,0
DA:134,0
DA:137,0
DA:140,0
DA:142,0
DA:143,0
DA:145,0
DA:149,0
DA:151,0
DA:156,0
DA:157,0
DA:161,0
DA:162,0
DA:166,0
DA:167,0
DA:169,0
DA:172,0
DA:173,0
DA:174,0
DA:175,0
DA:178,0
DA:181,0
DA:182,0
DA:183,0
DA:187,0
DA:188,0
DA:189,0
DA:190,0
DA:192,0
DA:194,0
DA:197,0
DA:198,0
DA:199,0
DA:203,0
DA:204,0
DA:205,0
DA:206,0
DA:210,0
DA:212,0
DA:220,0
DA:228,0
DA:232,0
DA:233,0
DA:234,0
DA:239,0
DA:241,0
DA:242,0
DA:245,0
DA:252,0
DA:253,0
DA:255,0
DA:258,0
DA:259,0
DA:260,0
DA:264,0
DA:265,0
DA:266,0
DA:267,0
DA:271,0
DA:272,0
DA:273,0
DA:277,0
DA:278,0
DA:279,0
DA:280,0
DA:284,0
DA:286,0
DA:292,1
LF:126
LH:16
BRDA:43,0,0,0
BRDA:43,0,1,0
BRDA:43,1,0,0
BRDA:43,1,1,0
BRDA:50,2,0,0
BRDA:50,2,1,0
BRDA:59,3,0,0
BRDA:59,3,1,0
BRDA:64,4,0,0
BRDA:64,4,1,0
BRDA:75,5,0,0
BRDA:75,5,1,0
BRDA:82,6,0,0
BRDA:82,6,1,0
BRDA:84,7,0,0
BRDA:84,7,1,0
BRDA:107,8,0,0
BRDA:107,8,1,0
BRDA:127,9,0,0
BRDA:127,9,1,0
BRDA:127,10,0,0
BRDA:127,10,1,0
BRDA:173,11,0,0
BRDA:173,11,1,0
BRDA:181,12,0,0
BRDA:181,12,1,0
BRDA:181,13,0,0
BRDA:181,13,1,0
BRDA:188,14,0,0
BRDA:188,14,1,0
BRDA:197,15,0,0
BRDA:197,15,1,0
BRDA:197,16,0,0
BRDA:197,16,1,0
BRDA:204,17,0,0
BRDA:204,17,1,0
BRDA:223,18,0,0
BRDA:223,18,1,0
BRDA:241,19,0,0
BRDA:241,19,1,0
BRDA:258,20,0,0
BRDA:258,20,1,0
BRDA:258,21,0,0
BRDA:258,21,1,0
BRDA:265,22,0,0
BRDA:265,22,1,0
BRDA:271,23,0,0
BRDA:271,23,1,0
BRDA:271,24,0,0
BRDA:271,24,1,0
BRDA:278,25,0,0
BRDA:278,25,1,0
BRF:52
BRH:0
end_of_record
